#
# A fatal error has been detected by the Java Runtime Environment:
#
#  SIGSEGV (0xb) at pc=0x000000010fe32d10, pid=59822, tid=20227
#
# JRE version: Java(TM) SE Runtime Environment (8.0_45-b14) (build 1.8.0_45-b14)
# Java VM: Java HotSpot(TM) 64-Bit Server VM (25.45-b02 mixed mode bsd-amd64 compressed oops)
# Problematic frame:
# V  [libjvm.dylib+0x432d10]  Method::checked_resolve_jmethod_id(_jmethodID*)+0xe
#
# Failed to write core dump. Core dumps have been disabled. To enable core dumping, try "ulimit -c unlimited" before starting Java again
#
# If you would like to submit a bug report, please visit:
#   http://bugreport.java.com/bugreport/crash.jsp
#

---------------  T H R E A D  ---------------

Current thread (0x00007f981e807000):  JavaThread "JDWP Transport Listener: dt_socket" daemon [_thread_in_vm, id=20227, stack(0x0000000127e4f000,0x0000000127f4f000)]

siginfo: si_signo: 11 (SIGSEGV), si_code: 0 (unknown), si_addr: 0x0000000000000000

Registers:
RAX=0x0000000000000001, RBX=0x0000000127f4ea8b, RCX=0x00000001101fa190, RDX=0x0000000127f4ea8b
RSP=0x0000000127f4e9d0, RBP=0x0000000127f4e9e0, RSI=0x00007f981e807000, RDI=0x656e696863614d6c
R8 =0x00007f981d93d050, R9 =0x0000000000000000, R10=0x000000002f11a8db, R11=0x000000008adf7d45
R12=0x00007f981e807000, R13=0x656e696863614d6c, R14=0x656e696863614d6c, R15=0x00007f981d800000
RIP=0x000000010fe32d10, EFLAGS=0x0000000000010206, ERR=0x0000000000000000
  TRAPNO=0x000000000000000d

Top of Stack: (sp=0x0000000127f4e9d0)
0x0000000127f4e9d0:   0000000127f4ea8b 0000000127f4ea8b
0x0000000127f4e9e0:   0000000127f4ea40 000000010fd430d6
0x0000000127f4e9f0:   00007f981e807000 0000000000000000
0x0000000127f4ea00:   0000000000000000 0000000000000000
0x0000000127f4ea10:   00007f981e807000 00007f981e807000
0x0000000127f4ea20:   0000000127f4ea8b 0000000127f4ea90
0x0000000127f4ea30:   656e696863614d6c 0000000000000003
0x0000000127f4ea40:   0000000127f4ea60 0000000110a8c780
0x0000000127f4ea50:   0000000000000001 0000000127f4eb08
0x0000000127f4ea60:   0000000127f4ead0 0000000110a711f3
0x0000000127f4ea70:   0000000127f4eaa0 00007f981d93d010
0x0000000127f4ea80:   0000000400000032 0000000a00f4eb08
0x0000000127f4ea90:   0000000000000000 0000000000000000
0x0000000127f4eaa0:   0000000000000000 0000000127f4ec90
0x0000000127f4eab0:   0000000110a93e7a 00007f981db27720
0x0000000127f4eac0:   0000000127f4eb08 0000000110a9f598
0x0000000127f4ead0:   0000000127f4eae0 0000000110a712ec
0x0000000127f4eae0:   0000000127f4ed00 0000000110a7a898
0x0000000127f4eaf0:   0000186600000013 00000000000f0200
0x0000000127f4eb00:   00007f981db27760 0000000127f4ec0d
0x0000000127f4eb10:   00007f9800000077 0000000127f4eb20
0x0000000127f4eb20:   00007f98000000b5 0000000127f4eb58
0x0000000127f4eb30:   0000000000000000 00007f0000000000
0x0000000127f4eb40:   00001866000000c0 00007fff0000be80
0x0000000127f4eb50:   0000000127f4eb58 987f000004000000
0x0000000127f4eb60:   1900000048d2841d 67246164626d616c
0x0000000127f4eb70:   696669746f4e7465 24736e6f69746163
0x0000000127f4eb80:   4e4c281100000030 746163696669746f
0x0000000127f4eb90:   000056293b6e6f69 00000a1000f00000
0x0000000127f4eba0:   000098a0e01b987f 00006e69616d0400
0x0000000127f4ebb0:   76616a4c5b281600 532f676e616c2f61
0x0000000127f4ebc0:   56293b676e697274 0900000000000000 

Instructions: (pc=0x000000010fe32d10)
0x000000010fe32cf0:   40 48 48 85 c0 75 e0 30 c0 0f b6 c0 5d c3 31 c0
0x000000010fe32d00:   5d c3 55 48 89 e5 53 48 83 ec 08 48 85 ff 74 24
0x000000010fe32d10:   48 8b 1f 48 85 db 74 1c 48 83 fb 37 74 16 48 8b
0x000000010fe32d20:   03 48 89 df ff 50 10 84 c0 b8 00 00 00 00 48 0f 

Register to memory mapping:

RAX=0x0000000000000001 is an unknown value
RBX=0x0000000127f4ea8b is pointing into the stack for thread: 0x00007f981e807000
RCX=0x00000001101fa190: UseMembar+0 in /Library/Java/JavaVirtualMachines/jdk1.8.0_45.jdk/Contents/Home/jre/lib/server/libjvm.dylib at 0x000000010fa00000
RDX=0x0000000127f4ea8b is pointing into the stack for thread: 0x00007f981e807000
RSP=0x0000000127f4e9d0 is pointing into the stack for thread: 0x00007f981e807000
RBP=0x0000000127f4e9e0 is pointing into the stack for thread: 0x00007f981e807000
RSI=0x00007f981e807000 is a thread
RDI=0x656e696863614d6c is an unknown value
R8 =0x00007f981d93d050 is an unknown value
R9 =0x0000000000000000 is an unknown value
R10=0x000000002f11a8db is an unknown value
R11=0x000000008adf7d45 is an unknown value
R12=0x00007f981e807000 is a thread
R13=0x656e696863614d6c is an unknown value
R14=0x656e696863614d6c is an unknown value
R15=0x00007f981d800000 is an unknown value


Stack: [0x0000000127e4f000,0x0000000127f4f000],  sp=0x0000000127f4e9d0,  free space=1022k
Native frames: (J=compiled Java code, j=interpreted, Vv=VM code, C=native code)
V  [libjvm.dylib+0x432d10]  Method::checked_resolve_jmethod_id(_jmethodID*)+0xe
V  [libjvm.dylib+0x3430d6]  jvmti_IsMethodSynthetic+0xb2
C  [libjdwp.dylib+0x20780]  isMethodSynthetic+0x63
C  [libjdwp.dylib+0x51f3]  methods1+0x10b
C  [libjdwp.dylib+0x52ec]  methodsWithGeneric+0xe
C  [libjdwp.dylib+0xe898]  debugLoop_run+0x1ce
C  [libjdwp.dylib+0x1f6ba]  attachThread+0x4d
V  [libjvm.dylib+0x38401c]  JvmtiAgentThread::call_start_function()+0x38
V  [libjvm.dylib+0x549acf]  JavaThread::thread_main_inner()+0x9b
V  [libjvm.dylib+0x54b1c0]  JavaThread::run()+0x1c2
V  [libjvm.dylib+0x46ea7e]  java_start(Thread*)+0xf6
C  [libsystem_pthread.dylib+0x1899]  _pthread_body+0x8a
C  [libsystem_pthread.dylib+0x172a]  _pthread_struct_init+0x0
C  [libsystem_pthread.dylib+0x5fc9]  thread_start+0xd
C  0x0000000000000000


---------------  P R O C E S S  ---------------

Java Threads: ( => current thread )
  0x00007f981e010800 JavaThread "DestroyJavaVM" [_thread_blocked, id=6403, stack(0x000000011096a000,0x0000000110a6a000)]
  0x00007f981d0b5000 JavaThread "Hashed wheel timer #2" [_thread_blocked, id=35587, stack(0x0000000129ff3000,0x000000012a0f3000)]
  0x00007f981e041800 JavaThread "Hashed wheel timer #1" [_thread_blocked, id=35075, stack(0x0000000129ef0000,0x0000000129ff0000)]
  0x00007f981f14b800 JavaThread "New I/O boss #17" [_thread_in_native, id=34563, stack(0x0000000129d89000,0x0000000129e89000)]
  0x00007f981d036800 JavaThread "New I/O worker #16" [_thread_in_native, id=34051, stack(0x0000000129c86000,0x0000000129d86000)]
  0x00007f981c92b000 JavaThread "New I/O worker #15" [_thread_in_native, id=33539, stack(0x0000000129b83000,0x0000000129c83000)]
  0x00007f981f0e2000 JavaThread "New I/O worker #14" [_thread_in_native, id=33027, stack(0x0000000129a80000,0x0000000129b80000)]
  0x00007f981c8f1000 JavaThread "New I/O worker #13" [_thread_in_native, id=32515, stack(0x000000012997d000,0x0000000129a7d000)]
  0x00007f981e072800 JavaThread "New I/O worker #12" [_thread_in_native, id=32003, stack(0x000000012987a000,0x000000012997a000)]
  0x00007f981c8f0000 JavaThread "New I/O worker #11" [_thread_in_native, id=31491, stack(0x0000000129777000,0x0000000129877000)]
  0x00007f981c8ef800 JavaThread "New I/O worker #10" [_thread_in_native, id=30979, stack(0x0000000129674000,0x0000000129774000)]
  0x00007f981c8ec800 JavaThread "New I/O worker #9" [_thread_in_native, id=30467, stack(0x0000000129571000,0x0000000129671000)]
  0x00007f981c827000 JavaThread "New I/O worker #8" [_thread_in_native, id=29955, stack(0x000000012946e000,0x000000012956e000)]
  0x00007f981d035800 JavaThread "New I/O worker #7" [_thread_in_native, id=29443, stack(0x000000012936b000,0x000000012946b000)]
  0x00007f981c0b2000 JavaThread "New I/O worker #6" [_thread_in_native, id=28931, stack(0x0000000129268000,0x0000000129368000)]
  0x00007f981d03b800 JavaThread "New I/O worker #5" [_thread_in_native, id=28419, stack(0x0000000129165000,0x0000000129265000)]
  0x00007f981d03b000 JavaThread "New I/O worker #4" [_thread_in_native, id=27907, stack(0x0000000129062000,0x0000000129162000)]
  0x00007f981c826800 JavaThread "New I/O worker #3" [_thread_in_native, id=27395, stack(0x0000000128f5f000,0x000000012905f000)]
  0x00007f981d039000 JavaThread "New I/O worker #2" [_thread_in_native, id=26883, stack(0x0000000128e5c000,0x0000000128f5c000)]
  0x00007f981c82a800 JavaThread "New I/O worker #1" [_thread_in_native, id=26371, stack(0x0000000128d59000,0x0000000128e59000)]
  0x00007f98200ee000 JavaThread "Reaper-0" [_thread_blocked, id=25859, stack(0x0000000128c46000,0x0000000128d46000)]
  0x00007f982000f800 JavaThread "Service Thread" daemon [_thread_blocked, id=23811, stack(0x0000000128741000,0x0000000128841000)]
  0x00007f981c861000 JavaThread "C1 CompilerThread3" daemon [_thread_blocked, id=23299, stack(0x000000012863e000,0x000000012873e000)]
  0x00007f981c036000 JavaThread "C2 CompilerThread2" daemon [_thread_blocked, id=22787, stack(0x000000012853b000,0x000000012863b000)]
  0x00007f981e008800 JavaThread "C2 CompilerThread1" daemon [_thread_blocked, id=22275, stack(0x0000000128438000,0x0000000128538000)]
  0x00007f981e864000 JavaThread "C2 CompilerThread0" daemon [_thread_blocked, id=21763, stack(0x0000000128335000,0x0000000128435000)]
  0x00007f981e808000 JavaThread "JDWP Command Reader" daemon [_thread_in_native, id=21251, stack(0x0000000128055000,0x0000000128155000)]
  0x00007f981f022000 JavaThread "JDWP Event Helper Thread" daemon [_thread_blocked, id=20739, stack(0x0000000127f52000,0x0000000128052000)]
=>0x00007f981e807000 JavaThread "JDWP Transport Listener: dt_socket" daemon [_thread_in_vm, id=20227, stack(0x0000000127e4f000,0x0000000127f4f000)]
  0x00007f9820000000 JavaThread "Signal Dispatcher" daemon [_thread_blocked, id=19715, stack(0x0000000127d45000,0x0000000127e45000)]
  0x00007f981f801000 JavaThread "Finalizer" daemon [_thread_blocked, id=14595, stack(0x0000000127af5000,0x0000000127bf5000)]
  0x00007f981f800000 JavaThread "Reference Handler" daemon [_thread_blocked, id=14083, stack(0x00000001279f2000,0x0000000127af2000)]

Other Threads:
  0x00007f981d00a000 VMThread [stack: 0x00000001278ef000,0x00000001279ef000] [id=13571]
  0x00007f981e865000 WatcherThread [stack: 0x0000000128844000,0x0000000128944000] [id=24323]

VM state:not at safepoint (normal execution)

VM Mutex/Monitor currently owned by a thread: None

Heap:
 PSYoungGen      total 38400K, used 34949K [0x0000000795580000, 0x0000000798000000, 0x00000007c0000000)
  eden space 33280K, 94% used [0x0000000795580000,0x000000079745c370,0x0000000797600000)
  from space 5120K, 65% used [0x0000000797600000,0x0000000797945220,0x0000000797b00000)
  to   space 5120K, 0% used [0x0000000797b00000,0x0000000797b00000,0x0000000798000000)
 ParOldGen       total 87552K, used 8K [0x0000000740000000, 0x0000000745580000, 0x0000000795580000)
  object space 87552K, 0% used [0x0000000740000000,0x0000000740002000,0x0000000745580000)
 Metaspace       used 11986K, capacity 12124K, committed 12288K, reserved 1060864K
  class space    used 1483K, capacity 1528K, committed 1536K, reserved 1048576K

Card table byte_map: [0x000000011fedc000,0x00000001202dd000] byte_map_base: 0x000000011c4dc000

Marking Bits: (ParMarkBitMap*) 0x00000001102c27a0
 Begin Bits: [0x0000000120da0000, 0x0000000122da0000)
 End Bits:   [0x0000000122da0000, 0x0000000124da0000)

Polling page: 0x000000010e9f8000

CodeCache: size=245760Kb used=4284Kb max_used=4285Kb free=241475Kb
 bounds [0x0000000110b1c000, 0x0000000110f5c000, 0x000000011fb1c000]
 total_blobs=1635 nmethods=1290 adapters=267
 compilation: enabled

Compilation events (10 events):
Event: 1944.720 Thread 0x00007f981c861000 1287       3       org.jboss.netty.channel.DownstreamMessageEvent::<init> (86 bytes)
Event: 1944.728 Thread 0x00007f981c861000 nmethod 1287 0x0000000110f4b890 code [0x0000000110f4ba80, 0x0000000110f4c0f8]
Event: 1944.728 Thread 0x00007f981c861000 1288       3       org.jboss.netty.channel.socket.nio.NioSocketChannel::getConfig (5 bytes)
Event: 1944.733 Thread 0x00007f981c861000 nmethod 1288 0x0000000110f4b490 code [0x0000000110f4b600, 0x0000000110f4b7f0]
Event: 1944.734 Thread 0x00007f981c861000 1289       3       sun.nio.ch.IOStatus::normalize (10 bytes)
Event: 1944.735 Thread 0x00007f981c861000 nmethod 1289 0x0000000110f4b150 code [0x0000000110f4b2c0, 0x0000000110f4b430]
Event: 1974.820 Thread 0x00007f981c861000 1290       3       java.lang.Math::max (12 bytes)
Event: 1974.821 Thread 0x00007f981c861000 nmethod 1290 0x0000000110f4add0 code [0x0000000110f4af40, 0x0000000110f4b0d0]
Event: 1974.823 Thread 0x00007f981c861000 1291       3       java.util.concurrent.locks.AbstractQueuedSynchronizer::releaseShared (16 bytes)
Event: 1974.824 Thread 0x00007f981c861000 nmethod 1291 0x0000000110f4a8d0 code [0x0000000110f4aa60, 0x0000000110f4ad18]

GC Heap History (2 events):
Event: 0.893 GC heap before
{Heap before GC invocations=1 (full 0):
 PSYoungGen      total 38400K, used 33280K [0x0000000795580000, 0x0000000798000000, 0x00000007c0000000)
  eden space 33280K, 100% used [0x0000000795580000,0x0000000797600000,0x0000000797600000)
  from space 5120K, 0% used [0x0000000797b00000,0x0000000797b00000,0x0000000798000000)
  to   space 5120K, 0% used [0x0000000797600000,0x0000000797600000,0x0000000797b00000)
 ParOldGen       total 87552K, used 0K [0x0000000740000000, 0x0000000745580000, 0x0000000795580000)
  object space 87552K, 0% used [0x0000000740000000,0x0000000740000000,0x0000000745580000)
 Metaspace       used 7163K, capacity 7304K, committed 7424K, reserved 1056768K
  class space    used 881K, capacity 944K, committed 1024K, reserved 1048576K
Event: 0.896 GC heap after
Heap after GC invocations=1 (full 0):
 PSYoungGen      total 38400K, used 3348K [0x0000000795580000, 0x0000000798000000, 0x00000007c0000000)
  eden space 33280K, 0% used [0x0000000795580000,0x0000000795580000,0x0000000797600000)
  from space 5120K, 65% used [0x0000000797600000,0x0000000797945220,0x0000000797b00000)
  to   space 5120K, 0% used [0x0000000797b00000,0x0000000797b00000,0x0000000798000000)
 ParOldGen       total 87552K, used 8K [0x0000000740000000, 0x0000000745580000, 0x0000000795580000)
  object space 87552K, 0% used [0x0000000740000000,0x0000000740002000,0x0000000745580000)
 Metaspace       used 7163K, capacity 7304K, committed 7424K, reserved 1056768K
  class space    used 881K, capacity 944K, committed 1024K, reserved 1048576K
}

Deoptimization events (10 events):
Event: 1.428 Thread 0x00007f981c803800 Uncommon trap: reason=unstable_if action=reinterpret pc=0x0000000110e17368 method=sun.misc.JarIndex.get(Ljava/lang/String;)Ljava/util/LinkedList; @ 27
Event: 1.428 Thread 0x00007f981c803800 Uncommon trap: reason=unstable_if action=reinterpret pc=0x0000000110e2da38 method=sun.misc.JarIndex.get(Ljava/lang/String;)Ljava/util/LinkedList; @ 27
Event: 1.441 Thread 0x00007f981c803800 Uncommon trap: reason=class_check action=maybe_recompile pc=0x0000000110e82524 method=java.util.HashMap.putVal(ILjava/lang/Object;Ljava/lang/Object;ZZ)Ljava/lang/Object; @ 203
Event: 1.464 Thread 0x00007f981d039000 Uncommon trap: reason=unstable_if action=reinterpret pc=0x0000000110e824ec method=java.util.HashMap.putVal(ILjava/lang/Object;Ljava/lang/Object;ZZ)Ljava/lang/Object; @ 162
Event: 1.464 Thread 0x00007f981d039000 Uncommon trap: reason=unstable_if action=reinterpret pc=0x0000000110e7c4c4 method=java.util.HashMap.putVal(ILjava/lang/Object;Ljava/lang/Object;ZZ)Ljava/lang/Object; @ 162
Event: 1.492 Thread 0x00007f981c803800 Uncommon trap: reason=range_check action=make_not_entrant pc=0x0000000110eaa934 method=sun.reflect.generics.parser.SignatureParser.current()C @ 34
Event: 1.513 Thread 0x00007f981c803800 Uncommon trap: reason=unstable_if action=reinterpret pc=0x0000000110e07000 method=java.util.HashMap.getNode(ILjava/lang/Object;)Ljava/util/HashMap$Node; @ 129
Event: 1.513 Thread 0x00007f981c803800 Uncommon trap: reason=unstable_if action=reinterpret pc=0x0000000110dab0bc method=java.util.HashMap.getNode(ILjava/lang/Object;)Ljava/util/HashMap$Node; @ 129
Event: 3.521 Thread 0x00007f981c803800 Uncommon trap: reason=unstable_if action=reinterpret pc=0x0000000110cd4620 method=sun.misc.MetaIndex.mayContain(Ljava/lang/String;)Z @ 38
Event: 560.090 Thread 0x00007f981c82a800 Uncommon trap: reason=class_check action=maybe_recompile pc=0x0000000110f103c4 method=org.jboss.netty.channel.socket.nio.AbstractNioSelector.processTaskQueue()V @ 9

Internal exceptions (10 events):
Event: 1.059 Thread 0x00007f981c803800 Exception <a 'java/lang/NoSuchFieldError': method resolution failed> (0x0000000795e1d498) thrown at [/Users/java_re/workspace/8-2-build-macosx-x86_64/jdk8u45/3457/hotspot/src/share/vm/prims/methodHandles.cpp, line 1125]
Event: 1.438 Thread 0x00007f981c803800 Exception <a 'java/lang/ArrayIndexOutOfBoundsException'> (0x0000000796bec118) thrown at [/Users/java_re/workspace/8-2-build-macosx-x86_64/jdk8u45/3457/hotspot/src/share/vm/runtime/sharedRuntime.cpp, line 605]
Event: 1.440 Thread 0x00007f981c803800 Exception <a 'java/lang/ArrayIndexOutOfBoundsException'> (0x0000000796c3a9f0) thrown at [/Users/java_re/workspace/8-2-build-macosx-x86_64/jdk8u45/3457/hotspot/src/share/vm/runtime/sharedRuntime.cpp, line 605]
Event: 1.440 Thread 0x00007f981c803800 Exception <a 'java/lang/ArrayIndexOutOfBoundsException'> (0x0000000796c3cd20) thrown at [/Users/java_re/workspace/8-2-build-macosx-x86_64/jdk8u45/3457/hotspot/src/share/vm/runtime/sharedRuntime.cpp, line 605]
Event: 1.440 Thread 0x00007f981c803800 Exception <a 'java/lang/ArrayIndexOutOfBoundsException'> (0x0000000796c3eb08) thrown at [/Users/java_re/workspace/8-2-build-macosx-x86_64/jdk8u45/3457/hotspot/src/share/vm/runtime/sharedRuntime.cpp, line 605]
Event: 1.441 Thread 0x00007f981c803800 Exception <a 'java/lang/ArrayIndexOutOfBoundsException'> (0x0000000796c407d8) thrown at [/Users/java_re/workspace/8-2-build-macosx-x86_64/jdk8u45/3457/hotspot/src/share/vm/runtime/sharedRuntime.cpp, line 605]
Event: 1.441 Thread 0x00007f981c803800 Exception <a 'java/lang/ArrayIndexOutOfBoundsException'> (0x0000000796c42290) thrown at [/Users/java_re/workspace/8-2-build-macosx-x86_64/jdk8u45/3457/hotspot/src/share/vm/runtime/sharedRuntime.cpp, line 605]
Event: 1.441 Thread 0x00007f981c803800 Exception <a 'java/lang/ArrayIndexOutOfBoundsException'> (0x0000000796c438a8) thrown at [/Users/java_re/workspace/8-2-build-macosx-x86_64/jdk8u45/3457/hotspot/src/share/vm/runtime/sharedRuntime.cpp, line 605]
Event: 1.475 Thread 0x00007f981c803800 Exception <a 'java/lang/ArrayIndexOutOfBoundsException'> (0x0000000796ceaf88) thrown at [/Users/java_re/workspace/8-2-build-macosx-x86_64/jdk8u45/3457/hotspot/src/share/vm/runtime/sharedRuntime.cpp, line 605]
Event: 1.492 Thread 0x00007f981c803800 Exception <a 'java/lang/ArrayIndexOutOfBoundsException': 28> (0x0000000796eeba40) thrown at [/Users/java_re/workspace/8-2-build-macosx-x86_64/jdk8u45/3457/hotspot/src/share/vm/interpreter/interpreterRuntime.cpp, line 366]

Events (10 events):
Event: 560.091 Executing VM operation: RevokeBias done
Event: 560.120 Executing VM operation: RevokeBias
Event: 560.120 Executing VM operation: RevokeBias done
Event: 590.185 Executing VM operation: RevokeBias
Event: 590.186 Executing VM operation: RevokeBias done
Event: 590.186 Thread 0x00007f981c0f6000 Thread exited: 0x00007f981c0f6000
Event: 916.330 Thread 0x00007f981e807000 DEOPT PACKING pc=0x0000000110ccd8ac sp=0x0000000127f4d540
Event: 916.332 Thread 0x00007f981e807000 DEOPT UNPACKING pc=0x0000000110b63633 sp=0x0000000127f4d298 mode 1
Event: 916.370 Executing VM operation: RedefineClasses
Event: 916.579 Executing VM operation: RedefineClasses done


Dynamic libraries:
0x0000000002243000 	/System/Library/Frameworks/Cocoa.framework/Versions/A/Cocoa
0x0000000002243000 	/System/Library/Frameworks/Security.framework/Versions/A/Security
0x0000000002243000 	/System/Library/Frameworks/ApplicationServices.framework/Versions/A/ApplicationServices
0x0000000002243000 	/usr/lib/libz.1.dylib
0x0000000002243000 	/usr/lib/libSystem.B.dylib
0x0000000002243000 	/usr/lib/libobjc.A.dylib
0x0000000002243000 	/System/Library/Frameworks/CoreFoundation.framework/Versions/A/CoreFoundation
0x0000000002243000 	/System/Library/Frameworks/Foundation.framework/Versions/C/Foundation
0x0000000002243000 	/System/Library/Frameworks/AppKit.framework/Versions/C/AppKit
0x0000000002243000 	/System/Library/Frameworks/CoreData.framework/Versions/A/CoreData
0x0000000002243000 	/System/Library/PrivateFrameworks/RemoteViewServices.framework/Versions/A/RemoteViewServices
0x0000000002243000 	/System/Library/Frameworks/AudioToolbox.framework/Versions/A/AudioToolbox
0x0000000002243000 	/System/Library/Frameworks/AudioUnit.framework/Versions/A/AudioUnit
0x0000000002243000 	/System/Library/PrivateFrameworks/DataDetectorsCore.framework/Versions/A/DataDetectorsCore
0x0000000002243000 	/System/Library/PrivateFrameworks/DesktopServicesPriv.framework/Versions/A/DesktopServicesPriv
0x0000000002243000 	/System/Library/Frameworks/Carbon.framework/Versions/A/Frameworks/HIToolbox.framework/Versions/A/HIToolbox
0x0000000002243000 	/System/Library/Frameworks/QuartzCore.framework/Versions/A/QuartzCore
0x0000000002243000 	/System/Library/Frameworks/Carbon.framework/Versions/A/Frameworks/SpeechRecognition.framework/Versions/A/SpeechRecognition
0x0000000002243000 	/usr/lib/libauto.dylib
0x0000000002243000 	/usr/lib/libicucore.A.dylib
0x0000000002243000 	/usr/lib/libxml2.2.dylib
0x0000000002243000 	/System/Library/PrivateFrameworks/CoreUI.framework/Versions/A/CoreUI
0x0000000002243000 	/System/Library/Frameworks/CoreAudio.framework/Versions/A/CoreAudio
0x0000000002243000 	/System/Library/Frameworks/DiskArbitration.framework/Versions/A/DiskArbitration
0x0000000002243000 	/usr/lib/liblangid.dylib
0x0000000002243000 	/System/Library/PrivateFrameworks/MultitouchSupport.framework/Versions/A/MultitouchSupport
0x0000000002243000 	/System/Library/Frameworks/IOKit.framework/Versions/A/IOKit
0x0000000002243000 	/usr/lib/libDiagnosticMessagesClient.dylib
0x0000000002243000 	/System/Library/Frameworks/CoreServices.framework/Versions/A/CoreServices
0x0000000002243000 	/System/Library/PrivateFrameworks/PerformanceAnalysis.framework/Versions/A/PerformanceAnalysis
0x0000000002243000 	/System/Library/PrivateFrameworks/GenerationalStorage.framework/Versions/A/GenerationalStorage
0x0000000002243000 	/System/Library/Frameworks/OpenGL.framework/Versions/A/OpenGL
0x0000000002243000 	/System/Library/PrivateFrameworks/Sharing.framework/Versions/A/Sharing
0x0000000002243000 	/System/Library/Frameworks/ImageIO.framework/Versions/A/ImageIO
0x0000000002243000 	/System/Library/Frameworks/CoreText.framework/Versions/A/CoreText
0x0000000002243000 	/System/Library/Frameworks/CoreGraphics.framework/Versions/A/CoreGraphics
0x0000000002243000 	/System/Library/PrivateFrameworks/Backup.framework/Versions/A/Backup
0x0000000002243000 	/System/Library/Frameworks/CFNetwork.framework/Versions/A/CFNetwork
0x0000000002243000 	/System/Library/Frameworks/SystemConfiguration.framework/Versions/A/SystemConfiguration
0x0000000002243000 	/usr/lib/libCRFSuite.dylib
0x0000000002243000 	/usr/lib/libc++.1.dylib
0x0000000002243000 	/usr/lib/libc++abi.dylib
0x0000000002243000 	/usr/lib/system/libcache.dylib
0x0000000002243000 	/usr/lib/system/libcommonCrypto.dylib
0x0000000002243000 	/usr/lib/system/libcompiler_rt.dylib
0x0000000002243000 	/usr/lib/system/libcopyfile.dylib
0x0000000002243000 	/usr/lib/system/libcorecrypto.dylib
0x0000000002243000 	/usr/lib/system/libdispatch.dylib
0x0000000002243000 	/usr/lib/system/libdyld.dylib
0x0000000002243000 	/usr/lib/system/libkeymgr.dylib
0x0000000002243000 	/usr/lib/system/liblaunch.dylib
0x0000000002243000 	/usr/lib/system/libmacho.dylib
0x0000000002243000 	/usr/lib/system/libquarantine.dylib
0x0000000002243000 	/usr/lib/system/libremovefile.dylib
0x0000000002243000 	/usr/lib/system/libsystem_asl.dylib
0x0000000002243000 	/usr/lib/system/libsystem_blocks.dylib
0x0000000002243000 	/usr/lib/system/libsystem_c.dylib
0x0000000002243000 	/usr/lib/system/libsystem_configuration.dylib
0x0000000002243000 	/usr/lib/system/libsystem_dnssd.dylib
0x0000000002243000 	/usr/lib/system/libsystem_info.dylib
0x0000000002243000 	/usr/lib/system/libsystem_kernel.dylib
0x0000000002243000 	/usr/lib/system/libsystem_m.dylib
0x0000000002243000 	/usr/lib/system/libsystem_malloc.dylib
0x0000000002243000 	/usr/lib/system/libsystem_network.dylib
0x0000000002243000 	/usr/lib/system/libsystem_notify.dylib
0x0000000002243000 	/usr/lib/system/libsystem_platform.dylib
0x0000000002243000 	/usr/lib/system/libsystem_pthread.dylib
0x0000000002243000 	/usr/lib/system/libsystem_sandbox.dylib
0x0000000002243000 	/usr/lib/system/libsystem_stats.dylib
0x0000000002243000 	/usr/lib/system/libunc.dylib
0x0000000002243000 	/usr/lib/system/libunwind.dylib
0x0000000002243000 	/usr/lib/system/libxpc.dylib
0x0000000002243000 	/usr/lib/libbsm.0.dylib
0x0000000002243000 	/usr/lib/libsqlite3.dylib
0x0000000002243000 	/usr/lib/libxar.1.dylib
0x0000000002243000 	/usr/lib/libpam.2.dylib
0x0000000002243000 	/usr/lib/libOpenScriptingUtil.dylib
0x0000000002243000 	/usr/lib/libbz2.1.0.dylib
0x0000000002243000 	/System/Library/Frameworks/CoreServices.framework/Versions/A/Frameworks/CarbonCore.framework/Versions/A/CarbonCore
0x0000000002243000 	/System/Library/Frameworks/CoreServices.framework/Versions/A/Frameworks/Metadata.framework/Versions/A/Metadata
0x0000000002243000 	/System/Library/Frameworks/CoreServices.framework/Versions/A/Frameworks/OSServices.framework/Versions/A/OSServices
0x0000000002243000 	/System/Library/Frameworks/CoreServices.framework/Versions/A/Frameworks/SearchKit.framework/Versions/A/SearchKit
0x0000000002243000 	/System/Library/Frameworks/CoreServices.framework/Versions/A/Frameworks/AE.framework/Versions/A/AE
0x0000000002243000 	/System/Library/Frameworks/CoreServices.framework/Versions/A/Frameworks/LaunchServices.framework/Versions/A/LaunchServices
0x0000000002243000 	/System/Library/Frameworks/CoreServices.framework/Versions/A/Frameworks/DictionaryServices.framework/Versions/A/DictionaryServices
0x0000000002243000 	/System/Library/Frameworks/NetFS.framework/Versions/A/NetFS
0x0000000002243000 	/usr/lib/system/libkxld.dylib
0x0000000002243000 	/System/Library/PrivateFrameworks/NetAuth.framework/Versions/A/NetAuth
0x0000000002243000 	/System/Library/PrivateFrameworks/TCC.framework/Versions/A/TCC
0x0000000002243000 	/System/Library/Frameworks/OpenDirectory.framework/Versions/A/Frameworks/CFOpenDirectory.framework/Versions/A/CFOpenDirectory
0x0000000002243000 	/System/Library/Frameworks/ServiceManagement.framework/Versions/A/ServiceManagement
0x0000000002243000 	/usr/lib/libxslt.1.dylib
0x0000000002243000 	/System/Library/Frameworks/Carbon.framework/Versions/A/Frameworks/Ink.framework/Versions/A/Ink
0x0000000002243000 	/System/Library/Frameworks/ApplicationServices.framework/Versions/A/Frameworks/ATS.framework/Versions/A/ATS
0x0000000002243000 	/System/Library/Frameworks/ApplicationServices.framework/Versions/A/Frameworks/ColorSync.framework/Versions/A/ColorSync
0x0000000002243000 	/System/Library/Frameworks/ApplicationServices.framework/Versions/A/Frameworks/HIServices.framework/Versions/A/HIServices
0x0000000002243000 	/System/Library/Frameworks/ApplicationServices.framework/Versions/A/Frameworks/LangAnalysis.framework/Versions/A/LangAnalysis
0x0000000002243000 	/System/Library/Frameworks/ApplicationServices.framework/Versions/A/Frameworks/PrintCore.framework/Versions/A/PrintCore
0x0000000002243000 	/System/Library/Frameworks/ApplicationServices.framework/Versions/A/Frameworks/QD.framework/Versions/A/QD
0x0000000002243000 	/System/Library/Frameworks/ApplicationServices.framework/Versions/A/Frameworks/SpeechSynthesis.framework/Versions/A/SpeechSynthesis
0x0000000002243000 	/System/Library/Frameworks/IOSurface.framework/Versions/A/IOSurface
0x0000000002243000 	/System/Library/Frameworks/Accelerate.framework/Versions/A/Accelerate
0x0000000002243000 	/System/Library/Frameworks/Accelerate.framework/Versions/A/Frameworks/vImage.framework/Versions/A/vImage
0x0000000002243000 	/System/Library/Frameworks/Accelerate.framework/Versions/A/Frameworks/vecLib.framework/Versions/A/vecLib
0x0000000002243000 	/System/Library/Frameworks/Accelerate.framework/Versions/A/Frameworks/vecLib.framework/Versions/A/libvDSP.dylib
0x0000000002243000 	/System/Library/Frameworks/Accelerate.framework/Versions/A/Frameworks/vecLib.framework/Versions/A/libvMisc.dylib
0x0000000002243000 	/System/Library/Frameworks/Accelerate.framework/Versions/A/Frameworks/vecLib.framework/Versions/A/libLAPACK.dylib
0x0000000002243000 	/System/Library/Frameworks/Accelerate.framework/Versions/A/Frameworks/vecLib.framework/Versions/A/libBLAS.dylib
0x0000000002243000 	/System/Library/Frameworks/ApplicationServices.framework/Versions/A/Frameworks/ATS.framework/Versions/A/Resources/libFontParser.dylib
0x0000000002243000 	/System/Library/Frameworks/ApplicationServices.framework/Versions/A/Frameworks/ATS.framework/Versions/A/Resources/libFontRegistry.dylib
0x0000000002243000 	/System/Library/Frameworks/ImageIO.framework/Versions/A/Resources/libJPEG.dylib
0x0000000002243000 	/System/Library/Frameworks/ImageIO.framework/Versions/A/Resources/libTIFF.dylib
0x0000000002243000 	/System/Library/Frameworks/ImageIO.framework/Versions/A/Resources/libPng.dylib
0x0000000002243000 	/System/Library/Frameworks/ImageIO.framework/Versions/A/Resources/libGIF.dylib
0x0000000002243000 	/System/Library/Frameworks/ImageIO.framework/Versions/A/Resources/libJP2.dylib
0x0000000002243000 	/System/Library/Frameworks/ImageIO.framework/Versions/A/Resources/libRadiance.dylib
0x0000000002243000 	/usr/lib/libcups.2.dylib
0x0000000002243000 	/System/Library/Frameworks/Kerberos.framework/Versions/A/Kerberos
0x0000000002243000 	/System/Library/Frameworks/GSS.framework/Versions/A/GSS
0x0000000002243000 	/usr/lib/libresolv.9.dylib
0x0000000002243000 	/usr/lib/libiconv.2.dylib
0x0000000002243000 	/System/Library/PrivateFrameworks/Heimdal.framework/Versions/A/Heimdal
0x0000000002243000 	/System/Library/PrivateFrameworks/TrustEvaluationAgent.framework/Versions/A/TrustEvaluationAgent
0x0000000002243000 	/usr/lib/libheimdal-asn1.dylib
0x0000000002243000 	/System/Library/Frameworks/OpenDirectory.framework/Versions/A/OpenDirectory
0x0000000002243000 	/System/Library/PrivateFrameworks/CommonAuth.framework/Versions/A/CommonAuth
0x0000000002243000 	/System/Library/Frameworks/SecurityFoundation.framework/Versions/A/SecurityFoundation
0x0000000002243000 	/System/Library/PrivateFrameworks/Bom.framework/Versions/A/Bom
0x0000000002243000 	/System/Library/Frameworks/CoreVideo.framework/Versions/A/CoreVideo
0x0000000002243000 	/System/Library/Frameworks/QuartzCore.framework/Versions/A/Frameworks/CoreImage.framework/Versions/A/CoreImage
0x0000000002243000 	/System/Library/Frameworks/QuartzCore.framework/Versions/A/Frameworks/ScalableUserInterface.framework/Versions/A/ScalableUserInterface
0x0000000002243000 	/System/Library/Frameworks/OpenGL.framework/Versions/A/Libraries/libGLU.dylib
0x0000000002243000 	/System/Library/Frameworks/OpenGL.framework/Versions/A/Libraries/libGFXShared.dylib
0x0000000002243000 	/System/Library/Frameworks/OpenGL.framework/Versions/A/Libraries/libGL.dylib
0x0000000002243000 	/System/Library/Frameworks/OpenGL.framework/Versions/A/Libraries/libGLImage.dylib
0x0000000002243000 	/System/Library/Frameworks/OpenGL.framework/Versions/A/Libraries/libCVMSPluginSupport.dylib
0x0000000002243000 	/System/Library/Frameworks/OpenGL.framework/Versions/A/Libraries/libCoreVMClient.dylib
0x0000000002243000 	/System/Library/PrivateFrameworks/FaceCore.framework/Versions/A/FaceCore
0x0000000002243000 	/System/Library/PrivateFrameworks/CrashReporterSupport.framework/Versions/A/CrashReporterSupport
0x0000000002243000 	/System/Library/Frameworks/OpenCL.framework/Versions/A/OpenCL
0x0000000002243000 	/System/Library/PrivateFrameworks/AppleFSCompression.framework/Versions/A/AppleFSCompression
0x0000000002243000 	/System/Library/PrivateFrameworks/Ubiquity.framework/Versions/A/Ubiquity
0x0000000002243000 	/System/Library/PrivateFrameworks/IconServices.framework/Versions/A/IconServices
0x0000000002243000 	/System/Library/PrivateFrameworks/ChunkingLibrary.framework/Versions/A/ChunkingLibrary
0x0000000002243000 	/System/Library/PrivateFrameworks/CoreSymbolication.framework/Versions/A/CoreSymbolication
0x0000000002243000 	/System/Library/PrivateFrameworks/Symbolication.framework/Versions/A/Symbolication
0x0000000002243000 	/System/Library/PrivateFrameworks/DebugSymbols.framework/Versions/A/DebugSymbols
0x000000010fa00000 	/Library/Java/JavaVirtualMachines/jdk1.8.0_45.jdk/Contents/Home/jre/lib/server/libjvm.dylib
0x0000000002243000 	/usr/lib/libstdc++.6.dylib
0x000000010e9b5000 	/Library/Java/JavaVirtualMachines/jdk1.8.0_45.jdk/Contents/Home/jre/lib/libverify.dylib
0x000000010e9c3000 	/Library/Java/JavaVirtualMachines/jdk1.8.0_45.jdk/Contents/Home/jre/lib/libjava.dylib
0x0000000110a6c000 	/Library/Java/JavaVirtualMachines/jdk1.8.0_45.jdk/Contents/Home/jre/lib/libjdwp.dylib
0x000000010e9f9000 	/Library/Java/JavaVirtualMachines/jdk1.8.0_45.jdk/Contents/Home/jre/lib/libnpt.dylib
0x0000000110ab7000 	/Library/Java/JavaVirtualMachines/jdk1.8.0_45.jdk/Contents/Home/jre/lib/libinstrument.dylib
0x0000000110b13000 	/Library/Java/JavaVirtualMachines/jdk1.8.0_45.jdk/Contents/Home/jre/lib/libzip.dylib
0x0000000127bf7000 	/System/Library/Frameworks/JavaVM.framework/Frameworks/JavaRuntimeSupport.framework/JavaRuntimeSupport
0x0000000127c0f000 	/System/Library/Frameworks/JavaVM.framework/Versions/A/Frameworks/JavaNativeFoundation.framework/Versions/A/JavaNativeFoundation
0x0000000127c24000 	/System/Library/Frameworks/JavaVM.framework/Versions/A/JavaVM
0x0000000002243000 	/System/Library/Frameworks/Carbon.framework/Versions/A/Carbon
0x0000000127c31000 	/System/Library/PrivateFrameworks/JavaLaunching.framework/Versions/A/JavaLaunching
0x0000000002243000 	/System/Library/Frameworks/Carbon.framework/Versions/A/Frameworks/CommonPanels.framework/Versions/A/CommonPanels
0x0000000002243000 	/System/Library/Frameworks/Carbon.framework/Versions/A/Frameworks/Help.framework/Versions/A/Help
0x0000000002243000 	/System/Library/Frameworks/Carbon.framework/Versions/A/Frameworks/ImageCapture.framework/Versions/A/ImageCapture
0x0000000002243000 	/System/Library/Frameworks/Carbon.framework/Versions/A/Frameworks/OpenScripting.framework/Versions/A/OpenScripting
0x0000000002243000 	/System/Library/Frameworks/Carbon.framework/Versions/A/Frameworks/Print.framework/Versions/A/Print
0x0000000002243000 	/System/Library/Frameworks/Carbon.framework/Versions/A/Frameworks/SecurityHI.framework/Versions/A/SecurityHI
0x0000000127e47000 	/Library/Java/JavaVirtualMachines/jdk1.8.0_45.jdk/Contents/Home/jre/lib/libdt_socket.dylib
0x0000000128946000 	/Library/Java/JavaVirtualMachines/jdk1.8.0_45.jdk/Contents/Home/jre/lib/libnet.dylib
0x0000000128d48000 	/Library/Java/JavaVirtualMachines/jdk1.8.0_45.jdk/Contents/Home/jre/lib/libnio.dylib
0x0000000129e8b000 	/Library/Java/JavaVirtualMachines/jdk1.8.0_45.jdk/Contents/Home/jre/lib/libmanagement.dylib

VM Arguments:
jvm_args: -agentlib:jdwp=transport=dt_socket,address=127.0.0.1:56131,suspend=y,server=n -javaagent:/Users/chjackso/Library/Caches/IntelliJIdea14/groovyHotSwap/gragent.jar -Dfile.encoding=UTF-8 
java_command: Program
java_class_path (initial): /Library/Java/JavaVirtualMachines/jdk1.8.0_45.jdk/Contents/Home/lib/ant-javafx.jar:/Library/Java/JavaVirtualMachines/jdk1.8.0_45.jdk/Contents/Home/lib/dt.jar:/Library/Java/JavaVirtualMachines/jdk1.8.0_45.jdk/Contents/Home/lib/javafx-mx.jar:/Library/Java/JavaVirtualMachines/jdk1.8.0_45.jdk/Contents/Home/lib/jconsole.jar:/Library/Java/JavaVirtualMachines/jdk1.8.0_45.jdk/Contents/Home/lib/packager.jar:/Library/Java/JavaVirtualMachines/jdk1.8.0_45.jdk/Contents/Home/lib/sa-jdi.jar:/Library/Java/JavaVirtualMachines/jdk1.8.0_45.jdk/Contents/Home/lib/tools.jar:/Library/Java/JavaVirtualMachines/jdk1.8.0_45.jdk/Contents/Home/jre/lib/charsets.jar:/Library/Java/JavaVirtualMachines/jdk1.8.0_45.jdk/Contents/Home/jre/lib/deploy.jar:/Library/Java/JavaVirtualMachines/jdk1.8.0_45.jdk/Contents/Home/jre/lib/javaws.jar:/Library/Java/JavaVirtualMachines/jdk1.8.0_45.jdk/Contents/Home/jre/lib/jce.jar:/Library/Java/JavaVirtualMachines/jdk1.8.0_45.jdk/Contents/Home/jre/lib/jfr.jar:/Library/Java/JavaVirtualMachines/jdk1.8.0_45.jdk/Contents/Home/jre/lib/jfxswt.jar:/Library/Java/JavaVirtualMachines/jdk1.8.0_45.jdk/Contents/Home/jre/lib/jsse.jar:/Library/Java/JavaVirtualMachines/jdk1.8.0_45.jdk/Contents/Home/jre/lib/management-agent.jar:/Library/Java/JavaVirtualMachines/jdk1.8.0_45.jdk/Contents/Home/jre/lib/plugin.jar:/Library/Java/JavaVirtualMachines/jdk1.8.0_45.jdk/Contents/Home/jre/lib/resources.jar:/Library/Java/JavaVirtualMachines/jdk1.8.0_45.jdk/Contents/Home/jre/lib/rt.jar:/Library/Java/JavaVirtualMachines/jdk1.8.0_45.jdk/Contents/Home/jre/lib/ext/cldrdata.jar:/Library/Java/JavaVirtualMachines/jdk1.8.0_45.jdk/Contents/Home/jre/lib/ext/dnsns.jar:/Library/Java/JavaVirtualMachines/jdk1.8.0_45.jdk/Contents/Home/jre/lib/ext/jfxrt.jar:/Library/Java/JavaVirtualMachines/jdk1.8.0_45.jdk/Contents/Home/jre/lib/ext/localedata.jar:/Library/Java/JavaVirtualMachines/jdk1.8.0_45.jdk/Contents/Home/jre/lib/ext/nashorn.jar:/Library/Java/JavaVirtualMachines/jdk1.8.0_45.jdk/Conten
Launcher Type: SUN_STANDARD

Environment Variables:
PATH=/usr/bin:/bin:/usr/sbin:/sbin
SHELL=/usr/local/bin/zsh-5.0.5

Signal Handlers:
SIGSEGV: [libjvm.dylib+0x58ef95], sa_mask[0]=11111111011111110111111111111111, sa_flags=SA_ONSTACK|SA_RESTART|SA_SIGINFO
SIGBUS: [libjvm.dylib+0x58ef95], sa_mask[0]=11111111011111110111111111111111, sa_flags=SA_RESTART|SA_SIGINFO
SIGFPE: [libjvm.dylib+0x46c108], sa_mask[0]=11111111011111110111111111111111, sa_flags=SA_RESTART|SA_SIGINFO
SIGPIPE: [libjvm.dylib+0x46c108], sa_mask[0]=11111111011111110111111111111111, sa_flags=SA_RESTART|SA_SIGINFO
SIGXFSZ: [libjvm.dylib+0x46c108], sa_mask[0]=11111111011111110111111111111111, sa_flags=SA_RESTART|SA_SIGINFO
SIGILL: [libjvm.dylib+0x46c108], sa_mask[0]=11111111011111110111111111111111, sa_flags=SA_RESTART|SA_SIGINFO
SIGUSR1: SIG_DFL, sa_mask[0]=00000000000000000000000000000000, sa_flags=SA_RESTART
SIGUSR2: [libjvm.dylib+0x46bc26], sa_mask[0]=00100000000000000000000000000000, sa_flags=SA_RESTART|SA_SIGINFO
SIGHUP: [libjvm.dylib+0x46a1f9], sa_mask[0]=11111111011111110111111111111111, sa_flags=SA_RESTART|SA_SIGINFO
SIGINT: [libjvm.dylib+0x46a1f9], sa_mask[0]=11111111011111110111111111111111, sa_flags=SA_RESTART|SA_SIGINFO
SIGTERM: [libjvm.dylib+0x46a1f9], sa_mask[0]=11111111011111110111111111111111, sa_flags=SA_RESTART|SA_SIGINFO
SIGQUIT: [libjvm.dylib+0x46a1f9], sa_mask[0]=11111111011111110111111111111111, sa_flags=SA_RESTART|SA_SIGINFO


---------------  S Y S T E M  ---------------

OS:Bsduname:Darwin 13.4.0 Darwin Kernel Version 13.4.0: Sun Aug 17 19:50:11 PDT 2014; root:xnu-2422.115.4~1/RELEASE_X86_64 x86_64
rlimit: STACK 8192k, CORE 0k, NPROC 709, NOFILE 10240, AS infinity
load average:4.53 4.67 4.54

CPU:total 8 (4 cores per cpu, 2 threads per core) family 6 model 70 stepping 1, cmov, cx8, fxsr, mmx, sse, sse2, sse3, ssse3, sse4.1, sse4.2, popcnt, avx, avx2, aes, clmul, erms, rtm, lzcnt, ht, tsc, tscinvbit, bmi1, bmi2

Memory: 4k page, physical 8388608k(10256k free)

/proc/meminfo:


vm_info: Java HotSpot(TM) 64-Bit Server VM (25.45-b02) for bsd-amd64 JRE (1.8.0_45-b14), built on Apr 10 2015 10:46:38 by "java_re" with gcc 4.2.1 (Based on Apple Inc. build 5658) (LLVM build 2336.11.00)

time: Wed Jun 24 00:13:43 2015
elapsed time: 2035 seconds (0d 0h 33m 55s)

