#
# A fatal error has been detected by the Java Runtime Environment:
#
#  SIGSEGV (0xb) at pc=0x0000000109a32d10, pid=60220, tid=20227
#
# JRE version: Java(TM) SE Runtime Environment (8.0_45-b14) (build 1.8.0_45-b14)
# Java VM: Java HotSpot(TM) 64-Bit Server VM (25.45-b02 mixed mode bsd-amd64 compressed oops)
# Problematic frame:
# V  [libjvm.dylib+0x432d10]  Method::checked_resolve_jmethod_id(_jmethodID*)+0xe
#
# Failed to write core dump. Core dumps have been disabled. To enable core dumping, try "ulimit -c unlimited" before starting Java again
#
# If you would like to submit a bug report, please visit:
#   http://bugreport.java.com/bugreport/crash.jsp
#

---------------  T H R E A D  ---------------

Current thread (0x00007faa44005000):  JavaThread "JDWP Transport Listener: dt_socket" daemon [_thread_in_vm, id=20227, stack(0x00000001219e0000,0x0000000121ae0000)]

siginfo: si_signo: 11 (SIGSEGV), si_code: 0 (unknown), si_addr: 0x0000000000000000

Registers:
RAX=0x0000000000000001, RBX=0x0000000121adfa8b, RCX=0x0000000109dfa190, RDX=0x0000000121adfa8b
RSP=0x0000000121adf9d0, RBP=0x0000000121adf9e0, RSI=0x00007faa44005000, RDI=0x00027fff739ebe00
R8 =0x00007faa44839580, R9 =0x0000000000000000, R10=0x000000006c9ee7da, R11=0x00000000665fa537
R12=0x00007faa44005000, R13=0x00027fff739ebe00, R14=0x00027fff739ebe00, R15=0x00007faa42601a60
RIP=0x0000000109a32d10, EFLAGS=0x0000000000010206, ERR=0x0000000000000000
  TRAPNO=0x000000000000000d

Top of Stack: (sp=0x0000000121adf9d0)
0x0000000121adf9d0:   0000000121adfa8b 0000000121adfa8b
0x0000000121adf9e0:   0000000121adfa40 00000001099430d6
0x0000000121adf9f0:   00007faa44005000 0000000000000000
0x0000000121adfa00:   0000000000000000 0000000000000000
0x0000000121adfa10:   00007faa44005000 00007faa44005000
0x0000000121adfa20:   0000000121adfa8b 0000000121adfa90
0x0000000121adfa30:   00027fff739ebe00 0000000000000003
0x0000000121adfa40:   0000000121adfa60 00000001085a6780
0x0000000121adfa50:   0000000000000001 0000000121adfb08
0x0000000121adfa60:   0000000121adfad0 000000010858b1f3
0x0000000121adfa70:   0000000121adfaa0 00007faa44b00a90
0x0000000121adfa80:   0000000400000032 f000100a01adfb08
0x0000000121adfa90:   0000000000000000 0000000000000000
0x0000000121adfaa0:   0000000000000000 0000000121adfc90
0x0000000121adfab0:   00000001085ade7a 00007faa425546a0
0x0000000121adfac0:   0000000121adfb08 00000001085b9598
0x0000000121adfad0:   0000000121adfae0 000000010858b2ec
0x0000000121adfae0:   0000000121adfd00 0000000108594898
0x0000000121adfaf0:   0000186500000013 00000000000f0200
0x0000000121adfb00:   00007faa425535c0 0000000121adfc0d
0x0000000121adfb10:   00007faa00000077 0000000121adfb20
0x0000000121adfb20:   00007faa000000b5 0000000121adfb58
0x0000000121adfb30:   0000000000000000 00007f0000000000
0x0000000121adfb40:   000018650000000f 00007fff0000be80
0x0000000121adfb50:   0000000121adfb58 aa7f000004000000
0x0000000121adfb60:   10000000082b6442 6669746f4e746567
0x0000000121adfb70:   736e6f6974616369 616a4c2815000000
0x0000000121adfb80:   2f676e616c2f6176 293b676e69727453
0x0000000121adfb90:   0000000000000056 737142aa7f00000a
0x0000000121adfba0:   69616d0400000028 4c5b28160000006e
0x0000000121adfbb0:   6e616c2f6176616a 676e697274532f67
0x0000000121adfbc0:   000000000056293b 42aa7f0000090000 

Instructions: (pc=0x0000000109a32d10)
0x0000000109a32cf0:   40 48 48 85 c0 75 e0 30 c0 0f b6 c0 5d c3 31 c0
0x0000000109a32d00:   5d c3 55 48 89 e5 53 48 83 ec 08 48 85 ff 74 24
0x0000000109a32d10:   48 8b 1f 48 85 db 74 1c 48 83 fb 37 74 16 48 8b
0x0000000109a32d20:   03 48 89 df ff 50 10 84 c0 b8 00 00 00 00 48 0f 

Register to memory mapping:

RAX=0x0000000000000001 is an unknown value
RBX=0x0000000121adfa8b is pointing into the stack for thread: 0x00007faa44005000
RCX=0x0000000109dfa190: UseMembar+0 in /Library/Java/JavaVirtualMachines/jdk1.8.0_45.jdk/Contents/Home/jre/lib/server/libjvm.dylib at 0x0000000109600000
RDX=0x0000000121adfa8b is pointing into the stack for thread: 0x00007faa44005000
RSP=0x0000000121adf9d0 is pointing into the stack for thread: 0x00007faa44005000
RBP=0x0000000121adf9e0 is pointing into the stack for thread: 0x00007faa44005000
RSI=0x00007faa44005000 is a thread
RDI=0x00027fff739ebe00 is an unknown value
R8 =0x00007faa44839580 is an unknown value
R9 =0x0000000000000000 is an unknown value
R10=0x000000006c9ee7da is an unknown value
R11=0x00000000665fa537 is an unknown value
R12=0x00007faa44005000 is a thread
R13=0x00027fff739ebe00 is an unknown value
R14=0x00027fff739ebe00 is an unknown value
R15=0x00007faa42601a60 is an unknown value


Stack: [0x00000001219e0000,0x0000000121ae0000],  sp=0x0000000121adf9d0,  free space=1022k
Native frames: (J=compiled Java code, j=interpreted, Vv=VM code, C=native code)
V  [libjvm.dylib+0x432d10]  Method::checked_resolve_jmethod_id(_jmethodID*)+0xe
V  [libjvm.dylib+0x3430d6]  jvmti_IsMethodSynthetic+0xb2
C  [libjdwp.dylib+0x20780]  isMethodSynthetic+0x63
C  [libjdwp.dylib+0x51f3]  methods1+0x10b
C  [libjdwp.dylib+0x52ec]  methodsWithGeneric+0xe
C  [libjdwp.dylib+0xe898]  debugLoop_run+0x1ce
C  [libjdwp.dylib+0x1f6ba]  attachThread+0x4d
V  [libjvm.dylib+0x38401c]  JvmtiAgentThread::call_start_function()+0x38
V  [libjvm.dylib+0x549acf]  JavaThread::thread_main_inner()+0x9b
V  [libjvm.dylib+0x54b1c0]  JavaThread::run()+0x1c2
V  [libjvm.dylib+0x46ea7e]  java_start(Thread*)+0xf6
C  [libsystem_pthread.dylib+0x1899]  _pthread_body+0x8a
C  [libsystem_pthread.dylib+0x172a]  _pthread_struct_init+0x0
C  [libsystem_pthread.dylib+0x5fc9]  thread_start+0xd
C  0x0000000000000000


---------------  P R O C E S S  ---------------

Java Threads: ( => current thread )
  0x00007faa45075000 JavaThread "DestroyJavaVM" [_thread_blocked, id=6403, stack(0x000000010a56a000,0x000000010a66a000)]
  0x00007faa46811000 JavaThread "Hashed wheel timer #2" [_thread_blocked, id=35587, stack(0x0000000123b80000,0x0000000123c80000)]
  0x00007faa42937000 JavaThread "Hashed wheel timer #1" [_thread_blocked, id=35075, stack(0x0000000123a7d000,0x0000000123b7d000)]
  0x00007faa450a7800 JavaThread "New I/O boss #17" [_thread_in_native, id=34563, stack(0x0000000123916000,0x0000000123a16000)]
  0x00007faa4407f000 JavaThread "New I/O worker #16" [_thread_in_native, id=34051, stack(0x0000000123813000,0x0000000123913000)]
  0x00007faa42868000 JavaThread "New I/O worker #15" [_thread_in_native, id=33539, stack(0x0000000123710000,0x0000000123810000)]
  0x00007faa4592e800 JavaThread "New I/O worker #14" [_thread_in_native, id=33027, stack(0x000000012360d000,0x000000012370d000)]
  0x00007faa4592d800 JavaThread "New I/O worker #13" [_thread_in_native, id=32515, stack(0x000000012350a000,0x000000012360a000)]
  0x00007faa450ca800 JavaThread "New I/O worker #12" [_thread_in_native, id=32003, stack(0x0000000123407000,0x0000000123507000)]
  0x00007faa458b3000 JavaThread "New I/O worker #11" [_thread_in_native, id=31491, stack(0x0000000123304000,0x0000000123404000)]
  0x00007faa42838000 JavaThread "New I/O worker #10" [_thread_in_native, id=30979, stack(0x0000000123201000,0x0000000123301000)]
  0x00007faa458ba800 JavaThread "New I/O worker #9" [_thread_in_native, id=30467, stack(0x00000001230fe000,0x00000001231fe000)]
  0x00007faa450af800 JavaThread "New I/O worker #8" [_thread_in_native, id=29955, stack(0x0000000122ffb000,0x00000001230fb000)]
  0x00007faa43881800 JavaThread "New I/O worker #7" [_thread_in_native, id=29443, stack(0x0000000122ef8000,0x0000000122ff8000)]
  0x00007faa44079800 JavaThread "New I/O worker #6" [_thread_in_native, id=28931, stack(0x0000000122df5000,0x0000000122ef5000)]
  0x00007faa4387e800 JavaThread "New I/O worker #5" [_thread_in_native, id=28419, stack(0x0000000122cf2000,0x0000000122df2000)]
  0x00007faa458b2000 JavaThread "New I/O worker #4" [_thread_in_native, id=27907, stack(0x0000000122bef000,0x0000000122cef000)]
  0x00007faa430bc000 JavaThread "New I/O worker #3" [_thread_in_native, id=27395, stack(0x0000000122aec000,0x0000000122bec000)]
  0x00007faa450ad000 JavaThread "New I/O worker #2" [_thread_in_native, id=26883, stack(0x00000001229e9000,0x0000000122ae9000)]
  0x00007faa430bf800 JavaThread "New I/O worker #1" [_thread_in_native, id=26371, stack(0x00000001228e6000,0x00000001229e6000)]
  0x00007faa430bb800 JavaThread "Reaper-0" [_thread_blocked, id=25863, stack(0x00000001227d3000,0x00000001228d3000)]
  0x00007faa4680e000 JavaThread "Service Thread" daemon [_thread_blocked, id=23811, stack(0x00000001222ce000,0x00000001223ce000)]
  0x00007faa45814800 JavaThread "C1 CompilerThread3" daemon [_thread_blocked, id=23299, stack(0x00000001221cb000,0x00000001222cb000)]
  0x00007faa43058800 JavaThread "C2 CompilerThread2" daemon [_thread_blocked, id=22787, stack(0x00000001220c8000,0x00000001221c8000)]
  0x00007faa4305f800 JavaThread "C2 CompilerThread1" daemon [_thread_blocked, id=22275, stack(0x0000000121fc5000,0x00000001220c5000)]
  0x00007faa4305f000 JavaThread "C2 CompilerThread0" daemon [_thread_blocked, id=21763, stack(0x0000000121ec2000,0x0000000121fc2000)]
  0x00007faa42808800 JavaThread "JDWP Command Reader" daemon [_thread_in_native, id=21251, stack(0x0000000121be6000,0x0000000121ce6000)]
  0x00007faa45009800 JavaThread "JDWP Event Helper Thread" daemon [_thread_blocked, id=20739, stack(0x0000000121ae3000,0x0000000121be3000)]
=>0x00007faa44005000 JavaThread "JDWP Transport Listener: dt_socket" daemon [_thread_in_vm, id=20227, stack(0x00000001219e0000,0x0000000121ae0000)]
  0x00007faa46002000 JavaThread "Signal Dispatcher" daemon [_thread_blocked, id=19715, stack(0x00000001218d6000,0x00000001219d6000)]
  0x00007faa45004000 JavaThread "Finalizer" daemon [_thread_blocked, id=14595, stack(0x0000000121687000,0x0000000121787000)]
  0x00007faa45003000 JavaThread "Reference Handler" daemon [_thread_blocked, id=14083, stack(0x0000000121584000,0x0000000121684000)]

Other Threads:
  0x00007faa43058000 VMThread [stack: 0x0000000121481000,0x0000000121581000] [id=13571]
  0x00007faa44001000 WatcherThread [stack: 0x00000001223d1000,0x00000001224d1000] [id=24323]

VM state:not at safepoint (normal execution)

VM Mutex/Monitor currently owned by a thread: None

Heap:
 PSYoungGen      total 38400K, used 34459K [0x0000000795580000, 0x0000000798000000, 0x00000007c0000000)
  eden space 33280K, 93% used [0x0000000795580000,0x00000007973dbc08,0x0000000797600000)
  from space 5120K, 65% used [0x0000000797600000,0x000000079794b150,0x0000000797b00000)
  to   space 5120K, 0% used [0x0000000797b00000,0x0000000797b00000,0x0000000798000000)
 ParOldGen       total 87552K, used 8K [0x0000000740000000, 0x0000000745580000, 0x0000000795580000)
  object space 87552K, 0% used [0x0000000740000000,0x0000000740002000,0x0000000745580000)
 Metaspace       used 11970K, capacity 12124K, committed 12288K, reserved 1060864K
  class space    used 1479K, capacity 1528K, committed 1536K, reserved 1048576K

Card table byte_map: [0x0000000119a6e000,0x0000000119e6f000] byte_map_base: 0x000000011606e000

Marking Bits: (ParMarkBitMap*) 0x0000000109ec27a0
 Begin Bits: [0x000000011a932000, 0x000000011c932000)
 End Bits:   [0x000000011c932000, 0x000000011e932000)

Polling page: 0x0000000108585000

CodeCache: size=245760Kb used=4182Kb max_used=4191Kb free=241577Kb
 bounds [0x000000010a6ae000, 0x000000010aace000, 0x00000001196ae000]
 total_blobs=1595 nmethods=1250 adapters=267
 compilation: enabled

Compilation events (10 events):
Event: 1535.568 Thread 0x00007faa45814800 1253       3       java.util.concurrent.locks.ReentrantReadWriteLock::readLock (5 bytes)
Event: 1535.573 Thread 0x00007faa45814800 nmethod 1253 0x000000010aac4a10 code [0x000000010aac4b80, 0x000000010aac4cf0]
Event: 1535.574 Thread 0x00007faa45814800 1254       3       com.google.common.collect.RegularImmutableMap::get (66 bytes)
Event: 1535.585 Thread 0x00007faa45814800 nmethod 1254 0x000000010aac4d90 code [0x000000010aac4f80, 0x000000010aac5708]
Event: 1558.969 Thread 0x00007faa4305f800 1255       4       java.util.HashMap$HashIterator::hasNext (13 bytes)
Event: 1558.972 Thread 0x00007faa4305f800 nmethod 1255 0x000000010a7bbfd0 code [0x000000010a7bc120, 0x000000010a7bc198]
Event: 1565.668 Thread 0x00007faa45814800 1256       3       org.jboss.netty.util.internal.ConcurrentIdentityHashMap::hashOf (8 bytes)
Event: 1565.669 Thread 0x00007faa45814800 nmethod 1256 0x000000010aac82d0 code [0x000000010aac8440, 0x000000010aac85d8]
Event: 1565.669 Thread 0x00007faa45814800 1257       3       org.jboss.netty.util.internal.ConcurrentIdentityHashMap::hash (49 bytes)
Event: 1565.669 Thread 0x00007faa45814800 nmethod 1257 0x000000010aac7f90 code [0x000000010aac80e0, 0x000000010aac8250]

GC Heap History (2 events):
Event: 0.540 GC heap before
{Heap before GC invocations=1 (full 0):
 PSYoungGen      total 38400K, used 33280K [0x0000000795580000, 0x0000000798000000, 0x00000007c0000000)
  eden space 33280K, 100% used [0x0000000795580000,0x0000000797600000,0x0000000797600000)
  from space 5120K, 0% used [0x0000000797b00000,0x0000000797b00000,0x0000000798000000)
  to   space 5120K, 0% used [0x0000000797600000,0x0000000797600000,0x0000000797b00000)
 ParOldGen       total 87552K, used 0K [0x0000000740000000, 0x0000000745580000, 0x0000000795580000)
  object space 87552K, 0% used [0x0000000740000000,0x0000000740000000,0x0000000745580000)
 Metaspace       used 7126K, capacity 7208K, committed 7424K, reserved 1056768K
  class space    used 875K, capacity 912K, committed 1024K, reserved 1048576K
Event: 0.544 GC heap after
Heap after GC invocations=1 (full 0):
 PSYoungGen      total 38400K, used 3372K [0x0000000795580000, 0x0000000798000000, 0x00000007c0000000)
  eden space 33280K, 0% used [0x0000000795580000,0x0000000795580000,0x0000000797600000)
  from space 5120K, 65% used [0x0000000797600000,0x000000079794b150,0x0000000797b00000)
  to   space 5120K, 0% used [0x0000000797b00000,0x0000000797b00000,0x0000000798000000)
 ParOldGen       total 87552K, used 8K [0x0000000740000000, 0x0000000745580000, 0x0000000795580000)
  object space 87552K, 0% used [0x0000000740000000,0x0000000740002000,0x0000000745580000)
 Metaspace       used 7126K, capacity 7208K, committed 7424K, reserved 1056768K
  class space    used 875K, capacity 912K, committed 1024K, reserved 1048576K
}

Deoptimization events (10 events):
Event: 0.356 Thread 0x00007faa44000800 Uncommon trap: reason=unstable_if action=reinterpret pc=0x000000010a82d2ac method=java.lang.String.indexOf([CII[CIII)I @ 3
Event: 0.509 Thread 0x00007faa44000800 Uncommon trap: reason=unstable_if action=reinterpret pc=0x000000010a8a9d60 method=java.util.HashMap.getNode(ILjava/lang/Object;)Ljava/util/HashMap$Node; @ 62
Event: 0.509 Thread 0x00007faa44000800 Uncommon trap: reason=unstable_if action=reinterpret pc=0x000000010a8967bc method=java.util.HashMap.getNode(ILjava/lang/Object;)Ljava/util/HashMap$Node; @ 62
Event: 1.203 Thread 0x00007faa44000800 Uncommon trap: reason=unstable_if action=reinterpret pc=0x000000010a87e178 method=java.lang.String.replace(CC)Ljava/lang/String; @ 26
Event: 1.225 Thread 0x00007faa450ad000 Uncommon trap: reason=unstable_if action=reinterpret pc=0x000000010aa1c2f0 method=java.util.HashMap.putVal(ILjava/lang/Object;Ljava/lang/Object;ZZ)Ljava/lang/Object; @ 162
Event: 1.225 Thread 0x00007faa450ad000 Uncommon trap: reason=unstable_if action=reinterpret pc=0x000000010aa14dc4 method=java.util.HashMap.putVal(ILjava/lang/Object;Ljava/lang/Object;ZZ)Ljava/lang/Object; @ 162
Event: 1.272 Thread 0x00007faa44000800 Uncommon trap: reason=range_check action=make_not_entrant pc=0x000000010aa3d7f4 method=sun.reflect.generics.parser.SignatureParser.current()C @ 34
Event: 1.299 Thread 0x00007faa44000800 Uncommon trap: reason=unstable_if action=reinterpret pc=0x000000010a9a18c0 method=java.util.HashMap.getNode(ILjava/lang/Object;)Ljava/util/HashMap$Node; @ 129
Event: 1.299 Thread 0x00007faa44000800 Uncommon trap: reason=unstable_if action=reinterpret pc=0x000000010a94373c method=java.util.HashMap.getNode(ILjava/lang/Object;)Ljava/util/HashMap$Node; @ 129
Event: 3.966 Thread 0x00007faa44000800 Uncommon trap: reason=unstable_if action=reinterpret pc=0x000000010a86a060 method=sun.misc.MetaIndex.mayContain(Ljava/lang/String;)Z @ 38

Internal exceptions (10 events):
Event: 1.216 Thread 0x00007faa44000800 Exception <a 'java/lang/ArrayIndexOutOfBoundsException'> (0x0000000796c536c0) thrown at [/Users/java_re/workspace/8-2-build-macosx-x86_64/jdk8u45/3457/hotspot/src/share/vm/runtime/sharedRuntime.cpp, line 605]
Event: 1.217 Thread 0x00007faa44000800 Exception <a 'java/lang/ArrayIndexOutOfBoundsException'> (0x0000000796c5d0d8) thrown at [/Users/java_re/workspace/8-2-build-macosx-x86_64/jdk8u45/3457/hotspot/src/share/vm/runtime/sharedRuntime.cpp, line 605]
Event: 1.217 Thread 0x00007faa44000800 Exception <a 'java/lang/ArrayIndexOutOfBoundsException'> (0x0000000796c5eec8) thrown at [/Users/java_re/workspace/8-2-build-macosx-x86_64/jdk8u45/3457/hotspot/src/share/vm/runtime/sharedRuntime.cpp, line 605]
Event: 1.217 Thread 0x00007faa44000800 Exception <a 'java/lang/ArrayIndexOutOfBoundsException'> (0x0000000796c60b70) thrown at [/Users/java_re/workspace/8-2-build-macosx-x86_64/jdk8u45/3457/hotspot/src/share/vm/runtime/sharedRuntime.cpp, line 605]
Event: 1.217 Thread 0x00007faa44000800 Exception <a 'java/lang/ArrayIndexOutOfBoundsException'> (0x0000000796c622d0) thrown at [/Users/java_re/workspace/8-2-build-macosx-x86_64/jdk8u45/3457/hotspot/src/share/vm/runtime/sharedRuntime.cpp, line 605]
Event: 1.217 Thread 0x00007faa44000800 Exception <a 'java/lang/ArrayIndexOutOfBoundsException'> (0x0000000796c64650) thrown at [/Users/java_re/workspace/8-2-build-macosx-x86_64/jdk8u45/3457/hotspot/src/share/vm/runtime/sharedRuntime.cpp, line 605]
Event: 1.236 Thread 0x00007faa44000800 Exception <a 'java/lang/ArrayIndexOutOfBoundsException'> (0x0000000796d0c0e8) thrown at [/Users/java_re/workspace/8-2-build-macosx-x86_64/jdk8u45/3457/hotspot/src/share/vm/runtime/sharedRuntime.cpp, line 605]
Event: 1.272 Thread 0x00007faa44000800 Exception <a 'java/lang/ArrayIndexOutOfBoundsException': 28> (0x0000000796ebacb8) thrown at [/Users/java_re/workspace/8-2-build-macosx-x86_64/jdk8u45/3457/hotspot/src/share/vm/interpreter/interpreterRuntime.cpp, line 366]
Event: 1.273 Thread 0x00007faa44000800 Exception <a 'java/lang/ArrayIndexOutOfBoundsException': 55> (0x0000000796ec77c8) thrown at [/Users/java_re/workspace/8-2-build-macosx-x86_64/jdk8u45/3457/hotspot/src/share/vm/interpreter/interpreterRuntime.cpp, line 366]
Event: 1.274 Thread 0x00007faa44000800 Exception <a 'java/lang/ArrayIndexOutOfBoundsException': 56> (0x0000000796ec9338) thrown at [/Users/java_re/workspace/8-2-build-macosx-x86_64/jdk8u45/3457/hotspot/src/share/vm/interpreter/interpreterRuntime.cpp, line 366]

Events (10 events):
Event: 447.334 Thread 0x00007faa44005000 DEOPT PACKING pc=0x000000010a865a6c sp=0x0000000121ade540
Event: 447.334 Thread 0x00007faa44005000 DEOPT UNPACKING pc=0x000000010a6f5633 sp=0x0000000121ade298 mode 1
Event: 447.351 Executing VM operation: RedefineClasses
Event: 447.471 Executing VM operation: RedefineClasses done
Event: 512.179 Thread 0x00007faa45814800 flushing nmethod 0x000000010a7b1310
Event: 512.181 Thread 0x00007faa45814800 flushing nmethod 0x000000010a7b1c50
Event: 512.181 Thread 0x00007faa45814800 flushing nmethod 0x000000010a7bbfd0
Event: 512.182 Thread 0x00007faa45814800 flushing nmethod 0x000000010a7bda50
Event: 512.182 Thread 0x00007faa45814800 flushing nmethod 0x000000010a7bfcd0
Event: 512.182 Thread 0x00007faa45814800 flushing nmethod 0x000000010a7c1710


Dynamic libraries:
0x0000000002243000 	/System/Library/Frameworks/Cocoa.framework/Versions/A/Cocoa
0x0000000002243000 	/System/Library/Frameworks/Security.framework/Versions/A/Security
0x0000000002243000 	/System/Library/Frameworks/ApplicationServices.framework/Versions/A/ApplicationServices
0x0000000002243000 	/usr/lib/libz.1.dylib
0x0000000002243000 	/usr/lib/libSystem.B.dylib
0x0000000002243000 	/usr/lib/libobjc.A.dylib
0x0000000002243000 	/System/Library/Frameworks/CoreFoundation.framework/Versions/A/CoreFoundation
0x0000000002243000 	/System/Library/Frameworks/Foundation.framework/Versions/C/Foundation
0x0000000002243000 	/System/Library/Frameworks/AppKit.framework/Versions/C/AppKit
0x0000000002243000 	/System/Library/Frameworks/CoreData.framework/Versions/A/CoreData
0x0000000002243000 	/System/Library/PrivateFrameworks/RemoteViewServices.framework/Versions/A/RemoteViewServices
0x0000000002243000 	/System/Library/Frameworks/AudioToolbox.framework/Versions/A/AudioToolbox
0x0000000002243000 	/System/Library/Frameworks/AudioUnit.framework/Versions/A/AudioUnit
0x0000000002243000 	/System/Library/PrivateFrameworks/DataDetectorsCore.framework/Versions/A/DataDetectorsCore
0x0000000002243000 	/System/Library/PrivateFrameworks/DesktopServicesPriv.framework/Versions/A/DesktopServicesPriv
0x0000000002243000 	/System/Library/Frameworks/Carbon.framework/Versions/A/Frameworks/HIToolbox.framework/Versions/A/HIToolbox
0x0000000002243000 	/System/Library/Frameworks/QuartzCore.framework/Versions/A/QuartzCore
0x0000000002243000 	/System/Library/Frameworks/Carbon.framework/Versions/A/Frameworks/SpeechRecognition.framework/Versions/A/SpeechRecognition
0x0000000002243000 	/usr/lib/libauto.dylib
0x0000000002243000 	/usr/lib/libicucore.A.dylib
0x0000000002243000 	/usr/lib/libxml2.2.dylib
0x0000000002243000 	/System/Library/PrivateFrameworks/CoreUI.framework/Versions/A/CoreUI
0x0000000002243000 	/System/Library/Frameworks/CoreAudio.framework/Versions/A/CoreAudio
0x0000000002243000 	/System/Library/Frameworks/DiskArbitration.framework/Versions/A/DiskArbitration
0x0000000002243000 	/usr/lib/liblangid.dylib
0x0000000002243000 	/System/Library/PrivateFrameworks/MultitouchSupport.framework/Versions/A/MultitouchSupport
0x0000000002243000 	/System/Library/Frameworks/IOKit.framework/Versions/A/IOKit
0x0000000002243000 	/usr/lib/libDiagnosticMessagesClient.dylib
0x0000000002243000 	/System/Library/Frameworks/CoreServices.framework/Versions/A/CoreServices
0x0000000002243000 	/System/Library/PrivateFrameworks/PerformanceAnalysis.framework/Versions/A/PerformanceAnalysis
0x0000000002243000 	/System/Library/PrivateFrameworks/GenerationalStorage.framework/Versions/A/GenerationalStorage
0x0000000002243000 	/System/Library/Frameworks/OpenGL.framework/Versions/A/OpenGL
0x0000000002243000 	/System/Library/PrivateFrameworks/Sharing.framework/Versions/A/Sharing
0x0000000002243000 	/System/Library/Frameworks/ImageIO.framework/Versions/A/ImageIO
0x0000000002243000 	/System/Library/Frameworks/CoreText.framework/Versions/A/CoreText
0x0000000002243000 	/System/Library/Frameworks/CoreGraphics.framework/Versions/A/CoreGraphics
0x0000000002243000 	/System/Library/PrivateFrameworks/Backup.framework/Versions/A/Backup
0x0000000002243000 	/System/Library/Frameworks/CFNetwork.framework/Versions/A/CFNetwork
0x0000000002243000 	/System/Library/Frameworks/SystemConfiguration.framework/Versions/A/SystemConfiguration
0x0000000002243000 	/usr/lib/libCRFSuite.dylib
0x0000000002243000 	/usr/lib/libc++.1.dylib
0x0000000002243000 	/usr/lib/libc++abi.dylib
0x0000000002243000 	/usr/lib/system/libcache.dylib
0x0000000002243000 	/usr/lib/system/libcommonCrypto.dylib
0x0000000002243000 	/usr/lib/system/libcompiler_rt.dylib
0x0000000002243000 	/usr/lib/system/libcopyfile.dylib
0x0000000002243000 	/usr/lib/system/libcorecrypto.dylib
0x0000000002243000 	/usr/lib/system/libdispatch.dylib
0x0000000002243000 	/usr/lib/system/libdyld.dylib
0x0000000002243000 	/usr/lib/system/libkeymgr.dylib
0x0000000002243000 	/usr/lib/system/liblaunch.dylib
0x0000000002243000 	/usr/lib/system/libmacho.dylib
0x0000000002243000 	/usr/lib/system/libquarantine.dylib
0x0000000002243000 	/usr/lib/system/libremovefile.dylib
0x0000000002243000 	/usr/lib/system/libsystem_asl.dylib
0x0000000002243000 	/usr/lib/system/libsystem_blocks.dylib
0x0000000002243000 	/usr/lib/system/libsystem_c.dylib
0x0000000002243000 	/usr/lib/system/libsystem_configuration.dylib
0x0000000002243000 	/usr/lib/system/libsystem_dnssd.dylib
0x0000000002243000 	/usr/lib/system/libsystem_info.dylib
0x0000000002243000 	/usr/lib/system/libsystem_kernel.dylib
0x0000000002243000 	/usr/lib/system/libsystem_m.dylib
0x0000000002243000 	/usr/lib/system/libsystem_malloc.dylib
0x0000000002243000 	/usr/lib/system/libsystem_network.dylib
0x0000000002243000 	/usr/lib/system/libsystem_notify.dylib
0x0000000002243000 	/usr/lib/system/libsystem_platform.dylib
0x0000000002243000 	/usr/lib/system/libsystem_pthread.dylib
0x0000000002243000 	/usr/lib/system/libsystem_sandbox.dylib
0x0000000002243000 	/usr/lib/system/libsystem_stats.dylib
0x0000000002243000 	/usr/lib/system/libunc.dylib
0x0000000002243000 	/usr/lib/system/libunwind.dylib
0x0000000002243000 	/usr/lib/system/libxpc.dylib
0x0000000002243000 	/usr/lib/libbsm.0.dylib
0x0000000002243000 	/usr/lib/libsqlite3.dylib
0x0000000002243000 	/usr/lib/libxar.1.dylib
0x0000000002243000 	/usr/lib/libpam.2.dylib
0x0000000002243000 	/usr/lib/libOpenScriptingUtil.dylib
0x0000000002243000 	/usr/lib/libbz2.1.0.dylib
0x0000000002243000 	/System/Library/Frameworks/CoreServices.framework/Versions/A/Frameworks/CarbonCore.framework/Versions/A/CarbonCore
0x0000000002243000 	/System/Library/Frameworks/CoreServices.framework/Versions/A/Frameworks/Metadata.framework/Versions/A/Metadata
0x0000000002243000 	/System/Library/Frameworks/CoreServices.framework/Versions/A/Frameworks/OSServices.framework/Versions/A/OSServices
0x0000000002243000 	/System/Library/Frameworks/CoreServices.framework/Versions/A/Frameworks/SearchKit.framework/Versions/A/SearchKit
0x0000000002243000 	/System/Library/Frameworks/CoreServices.framework/Versions/A/Frameworks/AE.framework/Versions/A/AE
0x0000000002243000 	/System/Library/Frameworks/CoreServices.framework/Versions/A/Frameworks/LaunchServices.framework/Versions/A/LaunchServices
0x0000000002243000 	/System/Library/Frameworks/CoreServices.framework/Versions/A/Frameworks/DictionaryServices.framework/Versions/A/DictionaryServices
0x0000000002243000 	/System/Library/Frameworks/NetFS.framework/Versions/A/NetFS
0x0000000002243000 	/usr/lib/system/libkxld.dylib
0x0000000002243000 	/System/Library/PrivateFrameworks/NetAuth.framework/Versions/A/NetAuth
0x0000000002243000 	/System/Library/PrivateFrameworks/TCC.framework/Versions/A/TCC
0x0000000002243000 	/System/Library/Frameworks/OpenDirectory.framework/Versions/A/Frameworks/CFOpenDirectory.framework/Versions/A/CFOpenDirectory
0x0000000002243000 	/System/Library/Frameworks/ServiceManagement.framework/Versions/A/ServiceManagement
0x0000000002243000 	/usr/lib/libxslt.1.dylib
0x0000000002243000 	/System/Library/Frameworks/Carbon.framework/Versions/A/Frameworks/Ink.framework/Versions/A/Ink
0x0000000002243000 	/System/Library/Frameworks/ApplicationServices.framework/Versions/A/Frameworks/ATS.framework/Versions/A/ATS
0x0000000002243000 	/System/Library/Frameworks/ApplicationServices.framework/Versions/A/Frameworks/ColorSync.framework/Versions/A/ColorSync
0x0000000002243000 	/System/Library/Frameworks/ApplicationServices.framework/Versions/A/Frameworks/HIServices.framework/Versions/A/HIServices
0x0000000002243000 	/System/Library/Frameworks/ApplicationServices.framework/Versions/A/Frameworks/LangAnalysis.framework/Versions/A/LangAnalysis
0x0000000002243000 	/System/Library/Frameworks/ApplicationServices.framework/Versions/A/Frameworks/PrintCore.framework/Versions/A/PrintCore
0x0000000002243000 	/System/Library/Frameworks/ApplicationServices.framework/Versions/A/Frameworks/QD.framework/Versions/A/QD
0x0000000002243000 	/System/Library/Frameworks/ApplicationServices.framework/Versions/A/Frameworks/SpeechSynthesis.framework/Versions/A/SpeechSynthesis
0x0000000002243000 	/System/Library/Frameworks/IOSurface.framework/Versions/A/IOSurface
0x0000000002243000 	/System/Library/Frameworks/Accelerate.framework/Versions/A/Accelerate
0x0000000002243000 	/System/Library/Frameworks/Accelerate.framework/Versions/A/Frameworks/vImage.framework/Versions/A/vImage
0x0000000002243000 	/System/Library/Frameworks/Accelerate.framework/Versions/A/Frameworks/vecLib.framework/Versions/A/vecLib
0x0000000002243000 	/System/Library/Frameworks/Accelerate.framework/Versions/A/Frameworks/vecLib.framework/Versions/A/libvDSP.dylib
0x0000000002243000 	/System/Library/Frameworks/Accelerate.framework/Versions/A/Frameworks/vecLib.framework/Versions/A/libvMisc.dylib
0x0000000002243000 	/System/Library/Frameworks/Accelerate.framework/Versions/A/Frameworks/vecLib.framework/Versions/A/libLAPACK.dylib
0x0000000002243000 	/System/Library/Frameworks/Accelerate.framework/Versions/A/Frameworks/vecLib.framework/Versions/A/libBLAS.dylib
0x0000000002243000 	/System/Library/Frameworks/ApplicationServices.framework/Versions/A/Frameworks/ATS.framework/Versions/A/Resources/libFontParser.dylib
0x0000000002243000 	/System/Library/Frameworks/ApplicationServices.framework/Versions/A/Frameworks/ATS.framework/Versions/A/Resources/libFontRegistry.dylib
0x0000000002243000 	/System/Library/Frameworks/ImageIO.framework/Versions/A/Resources/libJPEG.dylib
0x0000000002243000 	/System/Library/Frameworks/ImageIO.framework/Versions/A/Resources/libTIFF.dylib
0x0000000002243000 	/System/Library/Frameworks/ImageIO.framework/Versions/A/Resources/libPng.dylib
0x0000000002243000 	/System/Library/Frameworks/ImageIO.framework/Versions/A/Resources/libGIF.dylib
0x0000000002243000 	/System/Library/Frameworks/ImageIO.framework/Versions/A/Resources/libJP2.dylib
0x0000000002243000 	/System/Library/Frameworks/ImageIO.framework/Versions/A/Resources/libRadiance.dylib
0x0000000002243000 	/usr/lib/libcups.2.dylib
0x0000000002243000 	/System/Library/Frameworks/Kerberos.framework/Versions/A/Kerberos
0x0000000002243000 	/System/Library/Frameworks/GSS.framework/Versions/A/GSS
0x0000000002243000 	/usr/lib/libresolv.9.dylib
0x0000000002243000 	/usr/lib/libiconv.2.dylib
0x0000000002243000 	/System/Library/PrivateFrameworks/Heimdal.framework/Versions/A/Heimdal
0x0000000002243000 	/System/Library/PrivateFrameworks/TrustEvaluationAgent.framework/Versions/A/TrustEvaluationAgent
0x0000000002243000 	/usr/lib/libheimdal-asn1.dylib
0x0000000002243000 	/System/Library/Frameworks/OpenDirectory.framework/Versions/A/OpenDirectory
0x0000000002243000 	/System/Library/PrivateFrameworks/CommonAuth.framework/Versions/A/CommonAuth
0x0000000002243000 	/System/Library/Frameworks/SecurityFoundation.framework/Versions/A/SecurityFoundation
0x0000000002243000 	/System/Library/PrivateFrameworks/Bom.framework/Versions/A/Bom
0x0000000002243000 	/System/Library/Frameworks/CoreVideo.framework/Versions/A/CoreVideo
0x0000000002243000 	/System/Library/Frameworks/QuartzCore.framework/Versions/A/Frameworks/CoreImage.framework/Versions/A/CoreImage
0x0000000002243000 	/System/Library/Frameworks/QuartzCore.framework/Versions/A/Frameworks/ScalableUserInterface.framework/Versions/A/ScalableUserInterface
0x0000000002243000 	/System/Library/Frameworks/OpenGL.framework/Versions/A/Libraries/libGLU.dylib
0x0000000002243000 	/System/Library/Frameworks/OpenGL.framework/Versions/A/Libraries/libGFXShared.dylib
0x0000000002243000 	/System/Library/Frameworks/OpenGL.framework/Versions/A/Libraries/libGL.dylib
0x0000000002243000 	/System/Library/Frameworks/OpenGL.framework/Versions/A/Libraries/libGLImage.dylib
0x0000000002243000 	/System/Library/Frameworks/OpenGL.framework/Versions/A/Libraries/libCVMSPluginSupport.dylib
0x0000000002243000 	/System/Library/Frameworks/OpenGL.framework/Versions/A/Libraries/libCoreVMClient.dylib
0x0000000002243000 	/System/Library/PrivateFrameworks/FaceCore.framework/Versions/A/FaceCore
0x0000000002243000 	/System/Library/PrivateFrameworks/CrashReporterSupport.framework/Versions/A/CrashReporterSupport
0x0000000002243000 	/System/Library/Frameworks/OpenCL.framework/Versions/A/OpenCL
0x0000000002243000 	/System/Library/PrivateFrameworks/AppleFSCompression.framework/Versions/A/AppleFSCompression
0x0000000002243000 	/System/Library/PrivateFrameworks/Ubiquity.framework/Versions/A/Ubiquity
0x0000000002243000 	/System/Library/PrivateFrameworks/IconServices.framework/Versions/A/IconServices
0x0000000002243000 	/System/Library/PrivateFrameworks/ChunkingLibrary.framework/Versions/A/ChunkingLibrary
0x0000000002243000 	/System/Library/PrivateFrameworks/CoreSymbolication.framework/Versions/A/CoreSymbolication
0x0000000002243000 	/System/Library/PrivateFrameworks/Symbolication.framework/Versions/A/Symbolication
0x0000000002243000 	/System/Library/PrivateFrameworks/DebugSymbols.framework/Versions/A/DebugSymbols
0x0000000109600000 	/Library/Java/JavaVirtualMachines/jdk1.8.0_45.jdk/Contents/Home/jre/lib/server/libjvm.dylib
0x0000000002243000 	/usr/lib/libstdc++.6.dylib
0x0000000108542000 	/Library/Java/JavaVirtualMachines/jdk1.8.0_45.jdk/Contents/Home/jre/lib/libverify.dylib
0x0000000108550000 	/Library/Java/JavaVirtualMachines/jdk1.8.0_45.jdk/Contents/Home/jre/lib/libjava.dylib
0x0000000108586000 	/Library/Java/JavaVirtualMachines/jdk1.8.0_45.jdk/Contents/Home/jre/lib/libjdwp.dylib
0x00000001085d1000 	/Library/Java/JavaVirtualMachines/jdk1.8.0_45.jdk/Contents/Home/jre/lib/libnpt.dylib
0x00000001085d5000 	/Library/Java/JavaVirtualMachines/jdk1.8.0_45.jdk/Contents/Home/jre/lib/libinstrument.dylib
0x000000010a6a5000 	/Library/Java/JavaVirtualMachines/jdk1.8.0_45.jdk/Contents/Home/jre/lib/libzip.dylib
0x0000000121789000 	/System/Library/Frameworks/JavaVM.framework/Frameworks/JavaRuntimeSupport.framework/JavaRuntimeSupport
0x00000001217a1000 	/System/Library/Frameworks/JavaVM.framework/Versions/A/Frameworks/JavaNativeFoundation.framework/Versions/A/JavaNativeFoundation
0x00000001217b6000 	/System/Library/Frameworks/JavaVM.framework/Versions/A/JavaVM
0x0000000002243000 	/System/Library/Frameworks/Carbon.framework/Versions/A/Carbon
0x00000001217c3000 	/System/Library/PrivateFrameworks/JavaLaunching.framework/Versions/A/JavaLaunching
0x0000000002243000 	/System/Library/Frameworks/Carbon.framework/Versions/A/Frameworks/CommonPanels.framework/Versions/A/CommonPanels
0x0000000002243000 	/System/Library/Frameworks/Carbon.framework/Versions/A/Frameworks/Help.framework/Versions/A/Help
0x0000000002243000 	/System/Library/Frameworks/Carbon.framework/Versions/A/Frameworks/ImageCapture.framework/Versions/A/ImageCapture
0x0000000002243000 	/System/Library/Frameworks/Carbon.framework/Versions/A/Frameworks/OpenScripting.framework/Versions/A/OpenScripting
0x0000000002243000 	/System/Library/Frameworks/Carbon.framework/Versions/A/Frameworks/Print.framework/Versions/A/Print
0x0000000002243000 	/System/Library/Frameworks/Carbon.framework/Versions/A/Frameworks/SecurityHI.framework/Versions/A/SecurityHI
0x00000001219d8000 	/Library/Java/JavaVirtualMachines/jdk1.8.0_45.jdk/Contents/Home/jre/lib/libdt_socket.dylib
0x00000001224d3000 	/Library/Java/JavaVirtualMachines/jdk1.8.0_45.jdk/Contents/Home/jre/lib/libnet.dylib
0x00000001228d5000 	/Library/Java/JavaVirtualMachines/jdk1.8.0_45.jdk/Contents/Home/jre/lib/libnio.dylib
0x0000000123a18000 	/Library/Java/JavaVirtualMachines/jdk1.8.0_45.jdk/Contents/Home/jre/lib/libmanagement.dylib

VM Arguments:
jvm_args: -agentlib:jdwp=transport=dt_socket,address=127.0.0.1:56232,suspend=y,server=n -javaagent:/Users/chjackso/Library/Caches/IntelliJIdea14/groovyHotSwap/gragent.jar -Dfile.encoding=UTF-8 
java_command: Program
java_class_path (initial): /Library/Java/JavaVirtualMachines/jdk1.8.0_45.jdk/Contents/Home/lib/ant-javafx.jar:/Library/Java/JavaVirtualMachines/jdk1.8.0_45.jdk/Contents/Home/lib/dt.jar:/Library/Java/JavaVirtualMachines/jdk1.8.0_45.jdk/Contents/Home/lib/javafx-mx.jar:/Library/Java/JavaVirtualMachines/jdk1.8.0_45.jdk/Contents/Home/lib/jconsole.jar:/Library/Java/JavaVirtualMachines/jdk1.8.0_45.jdk/Contents/Home/lib/packager.jar:/Library/Java/JavaVirtualMachines/jdk1.8.0_45.jdk/Contents/Home/lib/sa-jdi.jar:/Library/Java/JavaVirtualMachines/jdk1.8.0_45.jdk/Contents/Home/lib/tools.jar:/Library/Java/JavaVirtualMachines/jdk1.8.0_45.jdk/Contents/Home/jre/lib/charsets.jar:/Library/Java/JavaVirtualMachines/jdk1.8.0_45.jdk/Contents/Home/jre/lib/deploy.jar:/Library/Java/JavaVirtualMachines/jdk1.8.0_45.jdk/Contents/Home/jre/lib/javaws.jar:/Library/Java/JavaVirtualMachines/jdk1.8.0_45.jdk/Contents/Home/jre/lib/jce.jar:/Library/Java/JavaVirtualMachines/jdk1.8.0_45.jdk/Contents/Home/jre/lib/jfr.jar:/Library/Java/JavaVirtualMachines/jdk1.8.0_45.jdk/Contents/Home/jre/lib/jfxswt.jar:/Library/Java/JavaVirtualMachines/jdk1.8.0_45.jdk/Contents/Home/jre/lib/jsse.jar:/Library/Java/JavaVirtualMachines/jdk1.8.0_45.jdk/Contents/Home/jre/lib/management-agent.jar:/Library/Java/JavaVirtualMachines/jdk1.8.0_45.jdk/Contents/Home/jre/lib/plugin.jar:/Library/Java/JavaVirtualMachines/jdk1.8.0_45.jdk/Contents/Home/jre/lib/resources.jar:/Library/Java/JavaVirtualMachines/jdk1.8.0_45.jdk/Contents/Home/jre/lib/rt.jar:/Library/Java/JavaVirtualMachines/jdk1.8.0_45.jdk/Contents/Home/jre/lib/ext/cldrdata.jar:/Library/Java/JavaVirtualMachines/jdk1.8.0_45.jdk/Contents/Home/jre/lib/ext/dnsns.jar:/Library/Java/JavaVirtualMachines/jdk1.8.0_45.jdk/Contents/Home/jre/lib/ext/jfxrt.jar:/Library/Java/JavaVirtualMachines/jdk1.8.0_45.jdk/Contents/Home/jre/lib/ext/localedata.jar:/Library/Java/JavaVirtualMachines/jdk1.8.0_45.jdk/Contents/Home/jre/lib/ext/nashorn.jar:/Library/Java/JavaVirtualMachines/jdk1.8.0_45.jdk/Conten
Launcher Type: SUN_STANDARD

Environment Variables:
PATH=/usr/bin:/bin:/usr/sbin:/sbin
SHELL=/usr/local/bin/zsh-5.0.5

Signal Handlers:
SIGSEGV: [libjvm.dylib+0x58ef95], sa_mask[0]=11111111011111110111111111111111, sa_flags=SA_ONSTACK|SA_RESTART|SA_SIGINFO
SIGBUS: [libjvm.dylib+0x58ef95], sa_mask[0]=11111111011111110111111111111111, sa_flags=SA_RESTART|SA_SIGINFO
SIGFPE: [libjvm.dylib+0x46c108], sa_mask[0]=11111111011111110111111111111111, sa_flags=SA_RESTART|SA_SIGINFO
SIGPIPE: [libjvm.dylib+0x46c108], sa_mask[0]=11111111011111110111111111111111, sa_flags=SA_RESTART|SA_SIGINFO
SIGXFSZ: [libjvm.dylib+0x46c108], sa_mask[0]=11111111011111110111111111111111, sa_flags=SA_RESTART|SA_SIGINFO
SIGILL: [libjvm.dylib+0x46c108], sa_mask[0]=11111111011111110111111111111111, sa_flags=SA_RESTART|SA_SIGINFO
SIGUSR1: SIG_DFL, sa_mask[0]=00000000000000000000000000000000, sa_flags=SA_RESTART
SIGUSR2: [libjvm.dylib+0x46bc26], sa_mask[0]=00100000000000000000000000000000, sa_flags=SA_RESTART|SA_SIGINFO
SIGHUP: [libjvm.dylib+0x46a1f9], sa_mask[0]=11111111011111110111111111111111, sa_flags=SA_RESTART|SA_SIGINFO
SIGINT: [libjvm.dylib+0x46a1f9], sa_mask[0]=11111111011111110111111111111111, sa_flags=SA_RESTART|SA_SIGINFO
SIGTERM: [libjvm.dylib+0x46a1f9], sa_mask[0]=11111111011111110111111111111111, sa_flags=SA_RESTART|SA_SIGINFO
SIGQUIT: [libjvm.dylib+0x46a1f9], sa_mask[0]=11111111011111110111111111111111, sa_flags=SA_RESTART|SA_SIGINFO


---------------  S Y S T E M  ---------------

OS:Bsduname:Darwin 13.4.0 Darwin Kernel Version 13.4.0: Sun Aug 17 19:50:11 PDT 2014; root:xnu-2422.115.4~1/RELEASE_X86_64 x86_64
rlimit: STACK 8192k, CORE 0k, NPROC 709, NOFILE 10240, AS infinity
load average:4.53 4.67 4.54

CPU:total 8 (4 cores per cpu, 2 threads per core) family 6 model 70 stepping 1, cmov, cx8, fxsr, mmx, sse, sse2, sse3, ssse3, sse4.1, sse4.2, popcnt, avx, avx2, aes, clmul, erms, rtm, lzcnt, ht, tsc, tscinvbit, bmi1, bmi2

Memory: 4k page, physical 8388608k(9588k free)

/proc/meminfo:


vm_info: Java HotSpot(TM) 64-Bit Server VM (25.45-b02) for bsd-amd64 JRE (1.8.0_45-b14), built on Apr 10 2015 10:46:38 by "java_re" with gcc 4.2.1 (Based on Apple Inc. build 5658) (LLVM build 2336.11.00)

time: Wed Jun 24 00:13:43 2015
elapsed time: 1565 seconds (0d 0h 26m 5s)

