#
# A fatal error has been detected by the Java Runtime Environment:
#
#  SIGSEGV (0xb) at pc=0x0000000110632d10, pid=60550, tid=20227
#
# JRE version: Java(TM) SE Runtime Environment (8.0_45-b14) (build 1.8.0_45-b14)
# Java VM: Java HotSpot(TM) 64-Bit Server VM (25.45-b02 mixed mode bsd-amd64 compressed oops)
# Problematic frame:
# V  [libjvm.dylib+0x432d10]  Method::checked_resolve_jmethod_id(_jmethodID*)+0xe
#
# Failed to write core dump. Core dumps have been disabled. To enable core dumping, try "ulimit -c unlimited" before starting Java again
#
# If you would like to submit a bug report, please visit:
#   http://bugreport.java.com/bugreport/crash.jsp
#

---------------  T H R E A D  ---------------

Current thread (0x00007fdc6d003000):  JavaThread "JDWP Transport Listener: dt_socket" daemon [_thread_in_vm, id=20227, stack(0x00000001285d8000,0x00000001286d8000)]

siginfo: si_signo: 11 (SIGSEGV), si_code: 0 (unknown), si_addr: 0x0000000000000000

Registers:
RAX=0x0000000000000001, RBX=0x00000001286d7a8b, RCX=0x00000001109fa190, RDX=0x00000001286d7a8b
RSP=0x00000001286d79d0, RBP=0x00000001286d79e0, RSI=0x00007fdc6d003000, RDI=0x0002000000000000
R8 =0x00007fdc6b748070, R9 =0x0000000000000000, R10=0x00000000ed195448, R11=0x000000004c8d6a16
R12=0x00007fdc6d003000, R13=0x0002000000000000, R14=0x0002000000000000, R15=0x00007fdc6b6001b0
RIP=0x0000000110632d10, EFLAGS=0x0000000000010206, ERR=0x0000000000000000
  TRAPNO=0x000000000000000d

Top of Stack: (sp=0x00000001286d79d0)
0x00000001286d79d0:   00000001286d7a8b 00000001286d7a8b
0x00000001286d79e0:   00000001286d7a40 00000001105430d6
0x00000001286d79f0:   00007fdc6d003000 0000000000000000
0x00000001286d7a00:   0000000000000000 0000000000000000
0x00000001286d7a10:   00007fdc6d003000 00007fdc6d003000
0x00000001286d7a20:   00000001286d7a8b 00000001286d7a90
0x00000001286d7a30:   0002000000000000 0000000000000003
0x00000001286d7a40:   00000001286d7a60 000000010f19d780
0x00000001286d7a50:   0000000000000001 00000001286d7b08
0x00000001286d7a60:   00000001286d7ad0 000000010f1821f3
0x00000001286d7a70:   00000001286d7aa0 00007fdc6b748fc0
0x00000001286d7a80:   0000000400000032 f000100a016d7b08
0x00000001286d7a90:   0000000000000000 0000000000000000
0x00000001286d7aa0:   0000000000000000 00000001286d7c90
0x00000001286d7ab0:   000000010f1a4e7a 00007fdc6b747fd0
0x00000001286d7ac0:   00000001286d7b08 000000010f1b0598
0x00000001286d7ad0:   00000001286d7ae0 000000010f1822ec
0x00000001286d7ae0:   00000001286d7d00 000000010f18b898
0x00000001286d7af0:   00001a7f00000013 00000000000f0200
0x00000001286d7b00:   00007fdc6b749700 00000001286d7c0d
0x00000001286d7b10:   00007fdc00000077 00000001286d7b20
0x00000001286d7b20:   00007fdc000000b5 00000001286d7b58
0x00000001286d7b30:   0000000000000000 00007f0000000000
0x00000001286d7b40:   00001a7f0000000f 00007fff0000be80
0x00000001286d7b50:   00000001286d7b58 dc7f000004000000
0x00000001286d7b60:   100000007812916d 6669746f4e746567
0x00000001286d7b70:   736e6f6974616369 616a4c2815000000
0x00000001286d7b80:   2f676e616c2f6176 293b676e69727453
0x00000001286d7b90:   0000000000000056 12916ddc7f00000a
0x00000001286d7ba0:   69616d0400000060 4c5b28160000006e
0x00000001286d7bb0:   6e616c2f6176616a 676e697274532f67
0x00000001286d7bc0:   000000000056293b 6ddc7f0000090000 

Instructions: (pc=0x0000000110632d10)
0x0000000110632cf0:   40 48 48 85 c0 75 e0 30 c0 0f b6 c0 5d c3 31 c0
0x0000000110632d00:   5d c3 55 48 89 e5 53 48 83 ec 08 48 85 ff 74 24
0x0000000110632d10:   48 8b 1f 48 85 db 74 1c 48 83 fb 37 74 16 48 8b
0x0000000110632d20:   03 48 89 df ff 50 10 84 c0 b8 00 00 00 00 48 0f 

Register to memory mapping:

RAX=0x0000000000000001 is an unknown value
RBX=0x00000001286d7a8b is pointing into the stack for thread: 0x00007fdc6d003000
RCX=0x00000001109fa190: UseMembar+0 in /Library/Java/JavaVirtualMachines/jdk1.8.0_45.jdk/Contents/Home/jre/lib/server/libjvm.dylib at 0x0000000110200000
RDX=0x00000001286d7a8b is pointing into the stack for thread: 0x00007fdc6d003000
RSP=0x00000001286d79d0 is pointing into the stack for thread: 0x00007fdc6d003000
RBP=0x00000001286d79e0 is pointing into the stack for thread: 0x00007fdc6d003000
RSI=0x00007fdc6d003000 is a thread
RDI=0x0002000000000000 is an unknown value
R8 =0x00007fdc6b748070 is an unknown value
R9 =0x0000000000000000 is an unknown value
R10=0x00000000ed195448 is an unknown value
R11=0x000000004c8d6a16 is an unknown value
R12=0x00007fdc6d003000 is a thread
R13=0x0002000000000000 is an unknown value
R14=0x0002000000000000 is an unknown value
R15=0x00007fdc6b6001b0 is an unknown value


Stack: [0x00000001285d8000,0x00000001286d8000],  sp=0x00000001286d79d0,  free space=1022k
Native frames: (J=compiled Java code, j=interpreted, Vv=VM code, C=native code)
V  [libjvm.dylib+0x432d10]  Method::checked_resolve_jmethod_id(_jmethodID*)+0xe
V  [libjvm.dylib+0x3430d6]  jvmti_IsMethodSynthetic+0xb2
C  [libjdwp.dylib+0x20780]  isMethodSynthetic+0x63
C  [libjdwp.dylib+0x51f3]  methods1+0x10b
C  [libjdwp.dylib+0x52ec]  methodsWithGeneric+0xe
C  [libjdwp.dylib+0xe898]  debugLoop_run+0x1ce
C  [libjdwp.dylib+0x1f6ba]  attachThread+0x4d
V  [libjvm.dylib+0x38401c]  JvmtiAgentThread::call_start_function()+0x38
V  [libjvm.dylib+0x549acf]  JavaThread::thread_main_inner()+0x9b
V  [libjvm.dylib+0x54b1c0]  JavaThread::run()+0x1c2
V  [libjvm.dylib+0x46ea7e]  java_start(Thread*)+0xf6
C  [libsystem_pthread.dylib+0x1899]  _pthread_body+0x8a
C  [libsystem_pthread.dylib+0x172a]  _pthread_struct_init+0x0
C  [libsystem_pthread.dylib+0x5fc9]  thread_start+0xd
C  0x0000000000000000


---------------  P R O C E S S  ---------------

Java Threads: ( => current thread )
  0x00007fdc6c198000 JavaThread "DestroyJavaVM" [_thread_blocked, id=6403, stack(0x000000011116a000,0x000000011126a000)]
  0x00007fdc6e056800 JavaThread "Hashed wheel timer #2" [_thread_blocked, id=35587, stack(0x000000012a7a6000,0x000000012a8a6000)]
  0x00007fdc6c902000 JavaThread "Hashed wheel timer #1" [_thread_blocked, id=35075, stack(0x000000012a6a3000,0x000000012a7a3000)]
  0x00007fdc6b8c1800 JavaThread "New I/O boss #17" [_thread_in_native, id=34563, stack(0x000000012a53c000,0x000000012a63c000)]
  0x00007fdc6d156800 JavaThread "New I/O worker #16" [_thread_in_native, id=34051, stack(0x000000012a439000,0x000000012a539000)]
  0x00007fdc6c8b0800 JavaThread "New I/O worker #15" [_thread_in_native, id=33539, stack(0x000000012a336000,0x000000012a436000)]
  0x00007fdc6d141800 JavaThread "New I/O worker #14" [_thread_in_native, id=33027, stack(0x000000012a233000,0x000000012a333000)]
  0x00007fdc6d130800 JavaThread "New I/O worker #13" [_thread_in_native, id=32515, stack(0x000000012a130000,0x000000012a230000)]
  0x00007fdc6d12e000 JavaThread "New I/O worker #12" [_thread_in_native, id=32003, stack(0x000000012a02d000,0x000000012a12d000)]
  0x00007fdc6d12b000 JavaThread "New I/O worker #11" [_thread_in_native, id=31491, stack(0x0000000129f2a000,0x000000012a02a000)]
  0x00007fdc6c8ad800 JavaThread "New I/O worker #10" [_thread_in_native, id=30979, stack(0x0000000129e27000,0x0000000129f27000)]
  0x00007fdc6d125000 JavaThread "New I/O worker #9" [_thread_in_native, id=30467, stack(0x0000000129d24000,0x0000000129e24000)]
  0x00007fdc6d111000 JavaThread "New I/O worker #8" [_thread_in_native, id=29955, stack(0x0000000129c21000,0x0000000129d21000)]
  0x00007fdc6d0ff800 JavaThread "New I/O worker #7" [_thread_in_native, id=29443, stack(0x0000000129b1e000,0x0000000129c1e000)]
  0x00007fdc6f956800 JavaThread "New I/O worker #6" [_thread_in_native, id=28931, stack(0x0000000129a1b000,0x0000000129b1b000)]
  0x00007fdc6f953800 JavaThread "New I/O worker #5" [_thread_in_native, id=28419, stack(0x0000000129918000,0x0000000129a18000)]
  0x00007fdc6b830800 JavaThread "New I/O worker #4" [_thread_in_native, id=27907, stack(0x0000000129815000,0x0000000129915000)]
  0x00007fdc6f8af000 JavaThread "New I/O worker #3" [_thread_in_native, id=27395, stack(0x0000000129712000,0x0000000129812000)]
  0x00007fdc6f8b5000 JavaThread "New I/O worker #2" [_thread_in_native, id=26883, stack(0x000000012960f000,0x000000012970f000)]
  0x00007fdc6e889800 JavaThread "New I/O worker #1" [_thread_in_native, id=26371, stack(0x000000012950c000,0x000000012960c000)]
  0x00007fdc6c098000 JavaThread "Reaper-0" [_thread_blocked, id=25859, stack(0x00000001293f9000,0x00000001294f9000)]
  0x00007fdc6f058000 JavaThread "Service Thread" daemon [_thread_blocked, id=23811, stack(0x0000000128ec5000,0x0000000128fc5000)]
  0x00007fdc6d006800 JavaThread "C1 CompilerThread3" daemon [_thread_blocked, id=23299, stack(0x0000000128dc2000,0x0000000128ec2000)]
  0x00007fdc6c02a800 JavaThread "C2 CompilerThread2" daemon [_thread_blocked, id=22787, stack(0x0000000128cbf000,0x0000000128dbf000)]
  0x00007fdc6f057800 JavaThread "C2 CompilerThread1" daemon [_thread_blocked, id=22275, stack(0x0000000128bbc000,0x0000000128cbc000)]
  0x00007fdc6c83b800 JavaThread "C2 CompilerThread0" daemon [_thread_blocked, id=21763, stack(0x0000000128ab9000,0x0000000128bb9000)]
  0x00007fdc6c00b800 JavaThread "JDWP Command Reader" daemon [_thread_in_native, id=21251, stack(0x00000001287de000,0x00000001288de000)]
  0x00007fdc6d006000 JavaThread "JDWP Event Helper Thread" daemon [_thread_blocked, id=20739, stack(0x00000001286db000,0x00000001287db000)]
=>0x00007fdc6d003000 JavaThread "JDWP Transport Listener: dt_socket" daemon [_thread_in_vm, id=20227, stack(0x00000001285d8000,0x00000001286d8000)]
  0x00007fdc6f056800 JavaThread "Signal Dispatcher" daemon [_thread_blocked, id=19715, stack(0x00000001284ce000,0x00000001285ce000)]
  0x00007fdc6f054000 JavaThread "Finalizer" daemon [_thread_blocked, id=14595, stack(0x000000012827f000,0x000000012837f000)]
  0x00007fdc6f053000 JavaThread "Reference Handler" daemon [_thread_blocked, id=14083, stack(0x000000012817c000,0x000000012827c000)]

Other Threads:
  0x00007fdc6f050800 VMThread [stack: 0x0000000128079000,0x0000000128179000] [id=13571]
  0x00007fdc6c063000 WatcherThread [stack: 0x0000000128fc8000,0x00000001290c8000] [id=24323]

VM state:not at safepoint (normal execution)

VM Mutex/Monitor currently owned by a thread: None

Heap:
 PSYoungGen      total 38400K, used 33985K [0x0000000795580000, 0x0000000798000000, 0x00000007c0000000)
  eden space 33280K, 92% used [0x0000000795580000,0x000000079736f528,0x0000000797600000)
  from space 5120K, 65% used [0x0000000797600000,0x0000000797941230,0x0000000797b00000)
  to   space 5120K, 0% used [0x0000000797b00000,0x0000000797b00000,0x0000000798000000)
 ParOldGen       total 87552K, used 8K [0x0000000740000000, 0x0000000745580000, 0x0000000795580000)
  object space 87552K, 0% used [0x0000000740000000,0x0000000740002000,0x0000000745580000)
 Metaspace       used 11946K, capacity 12064K, committed 12288K, reserved 1060864K
  class space    used 1472K, capacity 1528K, committed 1536K, reserved 1048576K

Card table byte_map: [0x0000000120666000,0x0000000120a67000] byte_map_base: 0x000000011cc66000

Marking Bits: (ParMarkBitMap*) 0x0000000110ac27a0
 Begin Bits: [0x000000012152a000, 0x000000012352a000)
 End Bits:   [0x000000012352a000, 0x000000012552a000)

Polling page: 0x000000010f17c000

CodeCache: size=245760Kb used=4156Kb max_used=4156Kb free=241603Kb
 bounds [0x00000001112a6000, 0x00000001116c6000, 0x00000001202a6000]
 total_blobs=1591 nmethods=1246 adapters=267
 compilation: enabled

Compilation events (10 events):
Event: 1325.578 Thread 0x00007fdc6d006800 1243       3       java.nio.DirectByteBuffer::address (5 bytes)
Event: 1325.578 Thread 0x00007fdc6d006800 nmethod 1243 0x00000001116b6750 code [0x00000001116b68a0, 0x00000001116b69f0]
Event: 1325.578 Thread 0x00007fdc6d006800 1242       1       org.jboss.netty.channel.DownstreamMessageEvent::getRemoteAddress (5 bytes)
Event: 1325.579 Thread 0x00007fdc6d006800 nmethod 1242 0x00000001116b6a50 code [0x00000001116b6ba0, 0x00000001116b6cb0]
Event: 1325.588 Thread 0x00007fdc6d006800 1244       1       com.datastax.driver.core.Message::getStreamId (5 bytes)
Event: 1325.589 Thread 0x00007fdc6d006800 nmethod 1244 0x00000001116b6d10 code [0x00000001116b6e60, 0x00000001116b6f70]
Event: 1350.568 Thread 0x00007fdc6d006800 1245       3       java.util.concurrent.ThreadPoolExecutor::workerCountOf (5 bytes)
Event: 1350.569 Thread 0x00007fdc6d006800 nmethod 1245 0x00000001116b6fd0 code [0x00000001116b7120, 0x00000001116b7250]
Event: 1385.825 Thread 0x00007fdc6d006800 1246       1       java.nio.DirectByteBuffer::isReadOnly (2 bytes)
Event: 1385.827 Thread 0x00007fdc6d006800 nmethod 1246 0x00000001116b72d0 code [0x00000001116b7420, 0x00000001116b7530]

GC Heap History (2 events):
Event: 0.664 GC heap before
{Heap before GC invocations=1 (full 0):
 PSYoungGen      total 38400K, used 33280K [0x0000000795580000, 0x0000000798000000, 0x00000007c0000000)
  eden space 33280K, 100% used [0x0000000795580000,0x0000000797600000,0x0000000797600000)
  from space 5120K, 0% used [0x0000000797b00000,0x0000000797b00000,0x0000000798000000)
  to   space 5120K, 0% used [0x0000000797600000,0x0000000797600000,0x0000000797b00000)
 ParOldGen       total 87552K, used 0K [0x0000000740000000, 0x0000000745580000, 0x0000000795580000)
  object space 87552K, 0% used [0x0000000740000000,0x0000000740000000,0x0000000745580000)
 Metaspace       used 7168K, capacity 7308K, committed 7424K, reserved 1056768K
  class space    used 881K, capacity 944K, committed 1024K, reserved 1048576K
Event: 0.669 GC heap after
Heap after GC invocations=1 (full 0):
 PSYoungGen      total 38400K, used 3332K [0x0000000795580000, 0x0000000798000000, 0x00000007c0000000)
  eden space 33280K, 0% used [0x0000000795580000,0x0000000795580000,0x0000000797600000)
  from space 5120K, 65% used [0x0000000797600000,0x0000000797941230,0x0000000797b00000)
  to   space 5120K, 0% used [0x0000000797b00000,0x0000000797b00000,0x0000000798000000)
 ParOldGen       total 87552K, used 8K [0x0000000740000000, 0x0000000745580000, 0x0000000795580000)
  object space 87552K, 0% used [0x0000000740000000,0x0000000740002000,0x0000000745580000)
 Metaspace       used 7168K, capacity 7308K, committed 7424K, reserved 1056768K
  class space    used 881K, capacity 944K, committed 1024K, reserved 1048576K
}

Deoptimization events (10 events):
Event: 0.435 Thread 0x00007fdc6c802800 Uncommon trap: reason=unstable_if action=reinterpret pc=0x000000011141aaac method=java.lang.String.indexOf([CII[CIII)I @ 3
Event: 0.630 Thread 0x00007fdc6c802800 Uncommon trap: reason=unstable_if action=reinterpret pc=0x00000001114a2de0 method=java.util.HashMap.getNode(ILjava/lang/Object;)Ljava/util/HashMap$Node; @ 62
Event: 0.630 Thread 0x00007fdc6c802800 Uncommon trap: reason=unstable_if action=reinterpret pc=0x000000011148943c method=java.util.HashMap.getNode(ILjava/lang/Object;)Ljava/util/HashMap$Node; @ 62
Event: 1.364 Thread 0x00007fdc6c802800 Uncommon trap: reason=unstable_if action=reinterpret pc=0x0000000111472cb8 method=java.lang.String.replace(CC)Ljava/lang/String; @ 26
Event: 1.380 Thread 0x00007fdc6c802800 Uncommon trap: reason=class_check action=maybe_recompile pc=0x00000001116072f4 method=java.util.HashMap.putVal(ILjava/lang/Object;Ljava/lang/Object;ZZ)Ljava/lang/Object; @ 203
Event: 1.408 Thread 0x00007fdc6f8b5000 Uncommon trap: reason=unstable_if action=reinterpret pc=0x0000000111607204 method=java.util.HashMap.putVal(ILjava/lang/Object;Ljava/lang/Object;ZZ)Ljava/lang/Object; @ 162
Event: 1.485 Thread 0x00007fdc6c802800 Uncommon trap: reason=range_check action=make_not_entrant pc=0x000000011162d334 method=sun.reflect.generics.parser.SignatureParser.current()C @ 34
Event: 1.502 Thread 0x00007fdc6c802800 Uncommon trap: reason=unstable_if action=reinterpret pc=0x0000000111594f80 method=java.util.HashMap.getNode(ILjava/lang/Object;)Ljava/util/HashMap$Node; @ 129
Event: 1.502 Thread 0x00007fdc6c802800 Uncommon trap: reason=unstable_if action=reinterpret pc=0x00000001115393bc method=java.util.HashMap.getNode(ILjava/lang/Object;)Ljava/util/HashMap$Node; @ 129
Event: 1.530 Thread 0x00007fdc6c802800 Uncommon trap: reason=unstable_if action=reinterpret pc=0x000000011145d9e0 method=sun.misc.MetaIndex.mayContain(Ljava/lang/String;)Z @ 38

Internal exceptions (10 events):
Event: 1.378 Thread 0x00007fdc6c802800 Exception <a 'java/lang/ArrayIndexOutOfBoundsException'> (0x0000000796c3a100) thrown at [/Users/java_re/workspace/8-2-build-macosx-x86_64/jdk8u45/3457/hotspot/src/share/vm/runtime/sharedRuntime.cpp, line 605]
Event: 1.379 Thread 0x00007fdc6c802800 Exception <a 'java/lang/ArrayIndexOutOfBoundsException'> (0x0000000796c3b640) thrown at [/Users/java_re/workspace/8-2-build-macosx-x86_64/jdk8u45/3457/hotspot/src/share/vm/runtime/sharedRuntime.cpp, line 605]
Event: 1.379 Thread 0x00007fdc6c802800 Exception <a 'java/lang/ArrayIndexOutOfBoundsException'> (0x0000000796c3d970) thrown at [/Users/java_re/workspace/8-2-build-macosx-x86_64/jdk8u45/3457/hotspot/src/share/vm/runtime/sharedRuntime.cpp, line 605]
Event: 1.379 Thread 0x00007fdc6c802800 Exception <a 'java/lang/ArrayIndexOutOfBoundsException'> (0x0000000796c3fa30) thrown at [/Users/java_re/workspace/8-2-build-macosx-x86_64/jdk8u45/3457/hotspot/src/share/vm/runtime/sharedRuntime.cpp, line 605]
Event: 1.379 Thread 0x00007fdc6c802800 Exception <a 'java/lang/ArrayIndexOutOfBoundsException'> (0x0000000796c41540) thrown at [/Users/java_re/workspace/8-2-build-macosx-x86_64/jdk8u45/3457/hotspot/src/share/vm/runtime/sharedRuntime.cpp, line 605]
Event: 1.380 Thread 0x00007fdc6c802800 Exception <a 'java/lang/ArrayIndexOutOfBoundsException'> (0x0000000796c42ee0) thrown at [/Users/java_re/workspace/8-2-build-macosx-x86_64/jdk8u45/3457/hotspot/src/share/vm/runtime/sharedRuntime.cpp, line 605]
Event: 1.469 Thread 0x00007fdc6c802800 Exception <a 'java/lang/ArrayIndexOutOfBoundsException'> (0x0000000796ceaa68) thrown at [/Users/java_re/workspace/8-2-build-macosx-x86_64/jdk8u45/3457/hotspot/src/share/vm/runtime/sharedRuntime.cpp, line 605]
Event: 1.485 Thread 0x00007fdc6c802800 Exception <a 'java/lang/ArrayIndexOutOfBoundsException': 28> (0x0000000796e99608) thrown at [/Users/java_re/workspace/8-2-build-macosx-x86_64/jdk8u45/3457/hotspot/src/share/vm/interpreter/interpreterRuntime.cpp, line 366]
Event: 1.487 Thread 0x00007fdc6c802800 Exception <a 'java/lang/ArrayIndexOutOfBoundsException': 55> (0x0000000796ea6118) thrown at [/Users/java_re/workspace/8-2-build-macosx-x86_64/jdk8u45/3457/hotspot/src/share/vm/interpreter/interpreterRuntime.cpp, line 366]
Event: 1.487 Thread 0x00007fdc6c802800 Exception <a 'java/lang/ArrayIndexOutOfBoundsException': 56> (0x0000000796ea7c88) thrown at [/Users/java_re/workspace/8-2-build-macosx-x86_64/jdk8u45/3457/hotspot/src/share/vm/interpreter/interpreterRuntime.cpp, line 366]

Events (10 events):
Event: 31.418 Thread 0x00007fdc6b84f000 Thread exited: 0x00007fdc6b84f000
Event: 31.418 Thread 0x00007fdc6c197800 Thread exited: 0x00007fdc6c197800
Event: 31.467 Thread 0x00007fdc6e8d4800 Thread exited: 0x00007fdc6e8d4800
Event: 31.467 Thread 0x00007fdc6c195000 Thread exited: 0x00007fdc6c195000
Event: 243.823 Thread 0x00007fdc6d003000 DEOPT PACKING pc=0x000000011145ca6c sp=0x00000001286d6540
Event: 243.823 Thread 0x00007fdc6d003000 DEOPT UNPACKING pc=0x00000001112ed633 sp=0x00000001286d6298 mode 1
Event: 243.826 Executing VM operation: RedefineClasses
Event: 243.859 Executing VM operation: RedefineClasses done
Event: 1403.654 Thread 0x00007fdc6d003000 DEOPT PACKING pc=0x000000011145ca6c sp=0x00000001286d6540
Event: 1403.659 Thread 0x00007fdc6d003000 DEOPT UNPACKING pc=0x00000001112ed633 sp=0x00000001286d6298 mode 1


Dynamic libraries:
0x0000000002243000 	/System/Library/Frameworks/Cocoa.framework/Versions/A/Cocoa
0x0000000002243000 	/System/Library/Frameworks/Security.framework/Versions/A/Security
0x0000000002243000 	/System/Library/Frameworks/ApplicationServices.framework/Versions/A/ApplicationServices
0x0000000002243000 	/usr/lib/libz.1.dylib
0x0000000002243000 	/usr/lib/libSystem.B.dylib
0x0000000002243000 	/usr/lib/libobjc.A.dylib
0x0000000002243000 	/System/Library/Frameworks/CoreFoundation.framework/Versions/A/CoreFoundation
0x0000000002243000 	/System/Library/Frameworks/Foundation.framework/Versions/C/Foundation
0x0000000002243000 	/System/Library/Frameworks/AppKit.framework/Versions/C/AppKit
0x0000000002243000 	/System/Library/Frameworks/CoreData.framework/Versions/A/CoreData
0x0000000002243000 	/System/Library/PrivateFrameworks/RemoteViewServices.framework/Versions/A/RemoteViewServices
0x0000000002243000 	/System/Library/Frameworks/AudioToolbox.framework/Versions/A/AudioToolbox
0x0000000002243000 	/System/Library/Frameworks/AudioUnit.framework/Versions/A/AudioUnit
0x0000000002243000 	/System/Library/PrivateFrameworks/DataDetectorsCore.framework/Versions/A/DataDetectorsCore
0x0000000002243000 	/System/Library/PrivateFrameworks/DesktopServicesPriv.framework/Versions/A/DesktopServicesPriv
0x0000000002243000 	/System/Library/Frameworks/Carbon.framework/Versions/A/Frameworks/HIToolbox.framework/Versions/A/HIToolbox
0x0000000002243000 	/System/Library/Frameworks/QuartzCore.framework/Versions/A/QuartzCore
0x0000000002243000 	/System/Library/Frameworks/Carbon.framework/Versions/A/Frameworks/SpeechRecognition.framework/Versions/A/SpeechRecognition
0x0000000002243000 	/usr/lib/libauto.dylib
0x0000000002243000 	/usr/lib/libicucore.A.dylib
0x0000000002243000 	/usr/lib/libxml2.2.dylib
0x0000000002243000 	/System/Library/PrivateFrameworks/CoreUI.framework/Versions/A/CoreUI
0x0000000002243000 	/System/Library/Frameworks/CoreAudio.framework/Versions/A/CoreAudio
0x0000000002243000 	/System/Library/Frameworks/DiskArbitration.framework/Versions/A/DiskArbitration
0x0000000002243000 	/usr/lib/liblangid.dylib
0x0000000002243000 	/System/Library/PrivateFrameworks/MultitouchSupport.framework/Versions/A/MultitouchSupport
0x0000000002243000 	/System/Library/Frameworks/IOKit.framework/Versions/A/IOKit
0x0000000002243000 	/usr/lib/libDiagnosticMessagesClient.dylib
0x0000000002243000 	/System/Library/Frameworks/CoreServices.framework/Versions/A/CoreServices
0x0000000002243000 	/System/Library/PrivateFrameworks/PerformanceAnalysis.framework/Versions/A/PerformanceAnalysis
0x0000000002243000 	/System/Library/PrivateFrameworks/GenerationalStorage.framework/Versions/A/GenerationalStorage
0x0000000002243000 	/System/Library/Frameworks/OpenGL.framework/Versions/A/OpenGL
0x0000000002243000 	/System/Library/PrivateFrameworks/Sharing.framework/Versions/A/Sharing
0x0000000002243000 	/System/Library/Frameworks/ImageIO.framework/Versions/A/ImageIO
0x0000000002243000 	/System/Library/Frameworks/CoreText.framework/Versions/A/CoreText
0x0000000002243000 	/System/Library/Frameworks/CoreGraphics.framework/Versions/A/CoreGraphics
0x0000000002243000 	/System/Library/PrivateFrameworks/Backup.framework/Versions/A/Backup
0x0000000002243000 	/System/Library/Frameworks/CFNetwork.framework/Versions/A/CFNetwork
0x0000000002243000 	/System/Library/Frameworks/SystemConfiguration.framework/Versions/A/SystemConfiguration
0x0000000002243000 	/usr/lib/libCRFSuite.dylib
0x0000000002243000 	/usr/lib/libc++.1.dylib
0x0000000002243000 	/usr/lib/libc++abi.dylib
0x0000000002243000 	/usr/lib/system/libcache.dylib
0x0000000002243000 	/usr/lib/system/libcommonCrypto.dylib
0x0000000002243000 	/usr/lib/system/libcompiler_rt.dylib
0x0000000002243000 	/usr/lib/system/libcopyfile.dylib
0x0000000002243000 	/usr/lib/system/libcorecrypto.dylib
0x0000000002243000 	/usr/lib/system/libdispatch.dylib
0x0000000002243000 	/usr/lib/system/libdyld.dylib
0x0000000002243000 	/usr/lib/system/libkeymgr.dylib
0x0000000002243000 	/usr/lib/system/liblaunch.dylib
0x0000000002243000 	/usr/lib/system/libmacho.dylib
0x0000000002243000 	/usr/lib/system/libquarantine.dylib
0x0000000002243000 	/usr/lib/system/libremovefile.dylib
0x0000000002243000 	/usr/lib/system/libsystem_asl.dylib
0x0000000002243000 	/usr/lib/system/libsystem_blocks.dylib
0x0000000002243000 	/usr/lib/system/libsystem_c.dylib
0x0000000002243000 	/usr/lib/system/libsystem_configuration.dylib
0x0000000002243000 	/usr/lib/system/libsystem_dnssd.dylib
0x0000000002243000 	/usr/lib/system/libsystem_info.dylib
0x0000000002243000 	/usr/lib/system/libsystem_kernel.dylib
0x0000000002243000 	/usr/lib/system/libsystem_m.dylib
0x0000000002243000 	/usr/lib/system/libsystem_malloc.dylib
0x0000000002243000 	/usr/lib/system/libsystem_network.dylib
0x0000000002243000 	/usr/lib/system/libsystem_notify.dylib
0x0000000002243000 	/usr/lib/system/libsystem_platform.dylib
0x0000000002243000 	/usr/lib/system/libsystem_pthread.dylib
0x0000000002243000 	/usr/lib/system/libsystem_sandbox.dylib
0x0000000002243000 	/usr/lib/system/libsystem_stats.dylib
0x0000000002243000 	/usr/lib/system/libunc.dylib
0x0000000002243000 	/usr/lib/system/libunwind.dylib
0x0000000002243000 	/usr/lib/system/libxpc.dylib
0x0000000002243000 	/usr/lib/libbsm.0.dylib
0x0000000002243000 	/usr/lib/libsqlite3.dylib
0x0000000002243000 	/usr/lib/libxar.1.dylib
0x0000000002243000 	/usr/lib/libpam.2.dylib
0x0000000002243000 	/usr/lib/libOpenScriptingUtil.dylib
0x0000000002243000 	/usr/lib/libbz2.1.0.dylib
0x0000000002243000 	/System/Library/Frameworks/CoreServices.framework/Versions/A/Frameworks/CarbonCore.framework/Versions/A/CarbonCore
0x0000000002243000 	/System/Library/Frameworks/CoreServices.framework/Versions/A/Frameworks/Metadata.framework/Versions/A/Metadata
0x0000000002243000 	/System/Library/Frameworks/CoreServices.framework/Versions/A/Frameworks/OSServices.framework/Versions/A/OSServices
0x0000000002243000 	/System/Library/Frameworks/CoreServices.framework/Versions/A/Frameworks/SearchKit.framework/Versions/A/SearchKit
0x0000000002243000 	/System/Library/Frameworks/CoreServices.framework/Versions/A/Frameworks/AE.framework/Versions/A/AE
0x0000000002243000 	/System/Library/Frameworks/CoreServices.framework/Versions/A/Frameworks/LaunchServices.framework/Versions/A/LaunchServices
0x0000000002243000 	/System/Library/Frameworks/CoreServices.framework/Versions/A/Frameworks/DictionaryServices.framework/Versions/A/DictionaryServices
0x0000000002243000 	/System/Library/Frameworks/NetFS.framework/Versions/A/NetFS
0x0000000002243000 	/usr/lib/system/libkxld.dylib
0x0000000002243000 	/System/Library/PrivateFrameworks/NetAuth.framework/Versions/A/NetAuth
0x0000000002243000 	/System/Library/PrivateFrameworks/TCC.framework/Versions/A/TCC
0x0000000002243000 	/System/Library/Frameworks/OpenDirectory.framework/Versions/A/Frameworks/CFOpenDirectory.framework/Versions/A/CFOpenDirectory
0x0000000002243000 	/System/Library/Frameworks/ServiceManagement.framework/Versions/A/ServiceManagement
0x0000000002243000 	/usr/lib/libxslt.1.dylib
0x0000000002243000 	/System/Library/Frameworks/Carbon.framework/Versions/A/Frameworks/Ink.framework/Versions/A/Ink
0x0000000002243000 	/System/Library/Frameworks/ApplicationServices.framework/Versions/A/Frameworks/ATS.framework/Versions/A/ATS
0x0000000002243000 	/System/Library/Frameworks/ApplicationServices.framework/Versions/A/Frameworks/ColorSync.framework/Versions/A/ColorSync
0x0000000002243000 	/System/Library/Frameworks/ApplicationServices.framework/Versions/A/Frameworks/HIServices.framework/Versions/A/HIServices
0x0000000002243000 	/System/Library/Frameworks/ApplicationServices.framework/Versions/A/Frameworks/LangAnalysis.framework/Versions/A/LangAnalysis
0x0000000002243000 	/System/Library/Frameworks/ApplicationServices.framework/Versions/A/Frameworks/PrintCore.framework/Versions/A/PrintCore
0x0000000002243000 	/System/Library/Frameworks/ApplicationServices.framework/Versions/A/Frameworks/QD.framework/Versions/A/QD
0x0000000002243000 	/System/Library/Frameworks/ApplicationServices.framework/Versions/A/Frameworks/SpeechSynthesis.framework/Versions/A/SpeechSynthesis
0x0000000002243000 	/System/Library/Frameworks/IOSurface.framework/Versions/A/IOSurface
0x0000000002243000 	/System/Library/Frameworks/Accelerate.framework/Versions/A/Accelerate
0x0000000002243000 	/System/Library/Frameworks/Accelerate.framework/Versions/A/Frameworks/vImage.framework/Versions/A/vImage
0x0000000002243000 	/System/Library/Frameworks/Accelerate.framework/Versions/A/Frameworks/vecLib.framework/Versions/A/vecLib
0x0000000002243000 	/System/Library/Frameworks/Accelerate.framework/Versions/A/Frameworks/vecLib.framework/Versions/A/libvDSP.dylib
0x0000000002243000 	/System/Library/Frameworks/Accelerate.framework/Versions/A/Frameworks/vecLib.framework/Versions/A/libvMisc.dylib
0x0000000002243000 	/System/Library/Frameworks/Accelerate.framework/Versions/A/Frameworks/vecLib.framework/Versions/A/libLAPACK.dylib
0x0000000002243000 	/System/Library/Frameworks/Accelerate.framework/Versions/A/Frameworks/vecLib.framework/Versions/A/libBLAS.dylib
0x0000000002243000 	/System/Library/Frameworks/ApplicationServices.framework/Versions/A/Frameworks/ATS.framework/Versions/A/Resources/libFontParser.dylib
0x0000000002243000 	/System/Library/Frameworks/ApplicationServices.framework/Versions/A/Frameworks/ATS.framework/Versions/A/Resources/libFontRegistry.dylib
0x0000000002243000 	/System/Library/Frameworks/ImageIO.framework/Versions/A/Resources/libJPEG.dylib
0x0000000002243000 	/System/Library/Frameworks/ImageIO.framework/Versions/A/Resources/libTIFF.dylib
0x0000000002243000 	/System/Library/Frameworks/ImageIO.framework/Versions/A/Resources/libPng.dylib
0x0000000002243000 	/System/Library/Frameworks/ImageIO.framework/Versions/A/Resources/libGIF.dylib
0x0000000002243000 	/System/Library/Frameworks/ImageIO.framework/Versions/A/Resources/libJP2.dylib
0x0000000002243000 	/System/Library/Frameworks/ImageIO.framework/Versions/A/Resources/libRadiance.dylib
0x0000000002243000 	/usr/lib/libcups.2.dylib
0x0000000002243000 	/System/Library/Frameworks/Kerberos.framework/Versions/A/Kerberos
0x0000000002243000 	/System/Library/Frameworks/GSS.framework/Versions/A/GSS
0x0000000002243000 	/usr/lib/libresolv.9.dylib
0x0000000002243000 	/usr/lib/libiconv.2.dylib
0x0000000002243000 	/System/Library/PrivateFrameworks/Heimdal.framework/Versions/A/Heimdal
0x0000000002243000 	/System/Library/PrivateFrameworks/TrustEvaluationAgent.framework/Versions/A/TrustEvaluationAgent
0x0000000002243000 	/usr/lib/libheimdal-asn1.dylib
0x0000000002243000 	/System/Library/Frameworks/OpenDirectory.framework/Versions/A/OpenDirectory
0x0000000002243000 	/System/Library/PrivateFrameworks/CommonAuth.framework/Versions/A/CommonAuth
0x0000000002243000 	/System/Library/Frameworks/SecurityFoundation.framework/Versions/A/SecurityFoundation
0x0000000002243000 	/System/Library/PrivateFrameworks/Bom.framework/Versions/A/Bom
0x0000000002243000 	/System/Library/Frameworks/CoreVideo.framework/Versions/A/CoreVideo
0x0000000002243000 	/System/Library/Frameworks/QuartzCore.framework/Versions/A/Frameworks/CoreImage.framework/Versions/A/CoreImage
0x0000000002243000 	/System/Library/Frameworks/QuartzCore.framework/Versions/A/Frameworks/ScalableUserInterface.framework/Versions/A/ScalableUserInterface
0x0000000002243000 	/System/Library/Frameworks/OpenGL.framework/Versions/A/Libraries/libGLU.dylib
0x0000000002243000 	/System/Library/Frameworks/OpenGL.framework/Versions/A/Libraries/libGFXShared.dylib
0x0000000002243000 	/System/Library/Frameworks/OpenGL.framework/Versions/A/Libraries/libGL.dylib
0x0000000002243000 	/System/Library/Frameworks/OpenGL.framework/Versions/A/Libraries/libGLImage.dylib
0x0000000002243000 	/System/Library/Frameworks/OpenGL.framework/Versions/A/Libraries/libCVMSPluginSupport.dylib
0x0000000002243000 	/System/Library/Frameworks/OpenGL.framework/Versions/A/Libraries/libCoreVMClient.dylib
0x0000000002243000 	/System/Library/PrivateFrameworks/FaceCore.framework/Versions/A/FaceCore
0x0000000002243000 	/System/Library/PrivateFrameworks/CrashReporterSupport.framework/Versions/A/CrashReporterSupport
0x0000000002243000 	/System/Library/Frameworks/OpenCL.framework/Versions/A/OpenCL
0x0000000002243000 	/System/Library/PrivateFrameworks/AppleFSCompression.framework/Versions/A/AppleFSCompression
0x0000000002243000 	/System/Library/PrivateFrameworks/Ubiquity.framework/Versions/A/Ubiquity
0x0000000002243000 	/System/Library/PrivateFrameworks/IconServices.framework/Versions/A/IconServices
0x0000000002243000 	/System/Library/PrivateFrameworks/ChunkingLibrary.framework/Versions/A/ChunkingLibrary
0x0000000002243000 	/System/Library/PrivateFrameworks/CoreSymbolication.framework/Versions/A/CoreSymbolication
0x0000000002243000 	/System/Library/PrivateFrameworks/Symbolication.framework/Versions/A/Symbolication
0x0000000002243000 	/System/Library/PrivateFrameworks/DebugSymbols.framework/Versions/A/DebugSymbols
0x0000000110200000 	/Library/Java/JavaVirtualMachines/jdk1.8.0_45.jdk/Contents/Home/jre/lib/server/libjvm.dylib
0x0000000002243000 	/usr/lib/libstdc++.6.dylib
0x000000010f139000 	/Library/Java/JavaVirtualMachines/jdk1.8.0_45.jdk/Contents/Home/jre/lib/libverify.dylib
0x000000010f147000 	/Library/Java/JavaVirtualMachines/jdk1.8.0_45.jdk/Contents/Home/jre/lib/libjava.dylib
0x000000010f17d000 	/Library/Java/JavaVirtualMachines/jdk1.8.0_45.jdk/Contents/Home/jre/lib/libjdwp.dylib
0x000000010f1c8000 	/Library/Java/JavaVirtualMachines/jdk1.8.0_45.jdk/Contents/Home/jre/lib/libnpt.dylib
0x000000010f1cc000 	/Library/Java/JavaVirtualMachines/jdk1.8.0_45.jdk/Contents/Home/jre/lib/libinstrument.dylib
0x000000011129d000 	/Library/Java/JavaVirtualMachines/jdk1.8.0_45.jdk/Contents/Home/jre/lib/libzip.dylib
0x0000000128381000 	/System/Library/Frameworks/JavaVM.framework/Frameworks/JavaRuntimeSupport.framework/JavaRuntimeSupport
0x0000000128399000 	/System/Library/Frameworks/JavaVM.framework/Versions/A/Frameworks/JavaNativeFoundation.framework/Versions/A/JavaNativeFoundation
0x00000001283ae000 	/System/Library/Frameworks/JavaVM.framework/Versions/A/JavaVM
0x0000000002243000 	/System/Library/Frameworks/Carbon.framework/Versions/A/Carbon
0x00000001283bb000 	/System/Library/PrivateFrameworks/JavaLaunching.framework/Versions/A/JavaLaunching
0x0000000002243000 	/System/Library/Frameworks/Carbon.framework/Versions/A/Frameworks/CommonPanels.framework/Versions/A/CommonPanels
0x0000000002243000 	/System/Library/Frameworks/Carbon.framework/Versions/A/Frameworks/Help.framework/Versions/A/Help
0x0000000002243000 	/System/Library/Frameworks/Carbon.framework/Versions/A/Frameworks/ImageCapture.framework/Versions/A/ImageCapture
0x0000000002243000 	/System/Library/Frameworks/Carbon.framework/Versions/A/Frameworks/OpenScripting.framework/Versions/A/OpenScripting
0x0000000002243000 	/System/Library/Frameworks/Carbon.framework/Versions/A/Frameworks/Print.framework/Versions/A/Print
0x0000000002243000 	/System/Library/Frameworks/Carbon.framework/Versions/A/Frameworks/SecurityHI.framework/Versions/A/SecurityHI
0x00000001285d0000 	/Library/Java/JavaVirtualMachines/jdk1.8.0_45.jdk/Contents/Home/jre/lib/libdt_socket.dylib
0x00000001290ca000 	/Library/Java/JavaVirtualMachines/jdk1.8.0_45.jdk/Contents/Home/jre/lib/libnet.dylib
0x00000001294fb000 	/Library/Java/JavaVirtualMachines/jdk1.8.0_45.jdk/Contents/Home/jre/lib/libnio.dylib
0x000000012a63e000 	/Library/Java/JavaVirtualMachines/jdk1.8.0_45.jdk/Contents/Home/jre/lib/libmanagement.dylib

VM Arguments:
jvm_args: -agentlib:jdwp=transport=dt_socket,address=127.0.0.1:56260,suspend=y,server=n -javaagent:/Users/chjackso/Library/Caches/IntelliJIdea14/groovyHotSwap/gragent.jar -Dfile.encoding=UTF-8 
java_command: Program
java_class_path (initial): /Library/Java/JavaVirtualMachines/jdk1.8.0_45.jdk/Contents/Home/lib/ant-javafx.jar:/Library/Java/JavaVirtualMachines/jdk1.8.0_45.jdk/Contents/Home/lib/dt.jar:/Library/Java/JavaVirtualMachines/jdk1.8.0_45.jdk/Contents/Home/lib/javafx-mx.jar:/Library/Java/JavaVirtualMachines/jdk1.8.0_45.jdk/Contents/Home/lib/jconsole.jar:/Library/Java/JavaVirtualMachines/jdk1.8.0_45.jdk/Contents/Home/lib/packager.jar:/Library/Java/JavaVirtualMachines/jdk1.8.0_45.jdk/Contents/Home/lib/sa-jdi.jar:/Library/Java/JavaVirtualMachines/jdk1.8.0_45.jdk/Contents/Home/lib/tools.jar:/Library/Java/JavaVirtualMachines/jdk1.8.0_45.jdk/Contents/Home/jre/lib/charsets.jar:/Library/Java/JavaVirtualMachines/jdk1.8.0_45.jdk/Contents/Home/jre/lib/deploy.jar:/Library/Java/JavaVirtualMachines/jdk1.8.0_45.jdk/Contents/Home/jre/lib/javaws.jar:/Library/Java/JavaVirtualMachines/jdk1.8.0_45.jdk/Contents/Home/jre/lib/jce.jar:/Library/Java/JavaVirtualMachines/jdk1.8.0_45.jdk/Contents/Home/jre/lib/jfr.jar:/Library/Java/JavaVirtualMachines/jdk1.8.0_45.jdk/Contents/Home/jre/lib/jfxswt.jar:/Library/Java/JavaVirtualMachines/jdk1.8.0_45.jdk/Contents/Home/jre/lib/jsse.jar:/Library/Java/JavaVirtualMachines/jdk1.8.0_45.jdk/Contents/Home/jre/lib/management-agent.jar:/Library/Java/JavaVirtualMachines/jdk1.8.0_45.jdk/Contents/Home/jre/lib/plugin.jar:/Library/Java/JavaVirtualMachines/jdk1.8.0_45.jdk/Contents/Home/jre/lib/resources.jar:/Library/Java/JavaVirtualMachines/jdk1.8.0_45.jdk/Contents/Home/jre/lib/rt.jar:/Library/Java/JavaVirtualMachines/jdk1.8.0_45.jdk/Contents/Home/jre/lib/ext/cldrdata.jar:/Library/Java/JavaVirtualMachines/jdk1.8.0_45.jdk/Contents/Home/jre/lib/ext/dnsns.jar:/Library/Java/JavaVirtualMachines/jdk1.8.0_45.jdk/Contents/Home/jre/lib/ext/jfxrt.jar:/Library/Java/JavaVirtualMachines/jdk1.8.0_45.jdk/Contents/Home/jre/lib/ext/localedata.jar:/Library/Java/JavaVirtualMachines/jdk1.8.0_45.jdk/Contents/Home/jre/lib/ext/nashorn.jar:/Library/Java/JavaVirtualMachines/jdk1.8.0_45.jdk/Conten
Launcher Type: SUN_STANDARD

Environment Variables:
PATH=/usr/bin:/bin:/usr/sbin:/sbin
SHELL=/usr/local/bin/zsh-5.0.5

Signal Handlers:
SIGSEGV: [libjvm.dylib+0x58ef95], sa_mask[0]=11111111011111110111111111111111, sa_flags=SA_ONSTACK|SA_RESTART|SA_SIGINFO
SIGBUS: [libjvm.dylib+0x58ef95], sa_mask[0]=11111111011111110111111111111111, sa_flags=SA_RESTART|SA_SIGINFO
SIGFPE: [libjvm.dylib+0x46c108], sa_mask[0]=11111111011111110111111111111111, sa_flags=SA_RESTART|SA_SIGINFO
SIGPIPE: [libjvm.dylib+0x46c108], sa_mask[0]=11111111011111110111111111111111, sa_flags=SA_RESTART|SA_SIGINFO
SIGXFSZ: [libjvm.dylib+0x46c108], sa_mask[0]=11111111011111110111111111111111, sa_flags=SA_RESTART|SA_SIGINFO
SIGILL: [libjvm.dylib+0x46c108], sa_mask[0]=11111111011111110111111111111111, sa_flags=SA_RESTART|SA_SIGINFO
SIGUSR1: SIG_DFL, sa_mask[0]=00000000000000000000000000000000, sa_flags=SA_RESTART
SIGUSR2: [libjvm.dylib+0x46bc26], sa_mask[0]=00100000000000000000000000000000, sa_flags=SA_RESTART|SA_SIGINFO
SIGHUP: [libjvm.dylib+0x46a1f9], sa_mask[0]=11111111011111110111111111111111, sa_flags=SA_RESTART|SA_SIGINFO
SIGINT: [libjvm.dylib+0x46a1f9], sa_mask[0]=11111111011111110111111111111111, sa_flags=SA_RESTART|SA_SIGINFO
SIGTERM: [libjvm.dylib+0x46a1f9], sa_mask[0]=11111111011111110111111111111111, sa_flags=SA_RESTART|SA_SIGINFO
SIGQUIT: [libjvm.dylib+0x46a1f9], sa_mask[0]=11111111011111110111111111111111, sa_flags=SA_RESTART|SA_SIGINFO


---------------  S Y S T E M  ---------------

OS:Bsduname:Darwin 13.4.0 Darwin Kernel Version 13.4.0: Sun Aug 17 19:50:11 PDT 2014; root:xnu-2422.115.4~1/RELEASE_X86_64 x86_64
rlimit: STACK 8192k, CORE 0k, NPROC 709, NOFILE 10240, AS infinity
load average:7.01 5.35 4.80

CPU:total 8 (4 cores per cpu, 2 threads per core) family 6 model 70 stepping 1, cmov, cx8, fxsr, mmx, sse, sse2, sse3, ssse3, sse4.1, sse4.2, popcnt, avx, avx2, aes, clmul, erms, rtm, lzcnt, ht, tsc, tscinvbit, bmi1, bmi2

Memory: 4k page, physical 8388608k(22436k free)

/proc/meminfo:


vm_info: Java HotSpot(TM) 64-Bit Server VM (25.45-b02) for bsd-amd64 JRE (1.8.0_45-b14), built on Apr 10 2015 10:46:38 by "java_re" with gcc 4.2.1 (Based on Apple Inc. build 5658) (LLVM build 2336.11.00)

time: Wed Jun 24 00:14:24 2015
elapsed time: 1403 seconds (0d 0h 23m 23s)

